{"/Users/noki/Desktop/WebstormProjects/MarketplaceApp/eslint.config.js": {"path":"/Users/noki/Desktop/WebstormProjects/MarketplaceApp/eslint.config.js","statementMap":{"0":{"start":{"line":2,"column":25},"end":{"line":2,"column":49}},"1":{"start":{"line":3,"column":19},"end":{"line":3,"column":53}},"2":{"start":{"line":5,"column":0},"end":{"line":10,"column":3}}},"fnMap":{},"branchMap":{},"s":{"0":0,"1":0,"2":0},"f":{},"b":{}}
,"/Users/noki/Desktop/WebstormProjects/MarketplaceApp/jest.config.js": {"path":"/Users/noki/Desktop/WebstormProjects/MarketplaceApp/jest.config.js","statementMap":{"0":{"start":{"line":1,"column":0},"end":{"line":20,"column":2}}},"fnMap":{},"branchMap":{},"s":{"0":0},"f":{},"b":{}}
,"/Users/noki/Desktop/WebstormProjects/MarketplaceApp/app/CartScreen.tsx": {"path":"/Users/noki/Desktop/WebstormProjects/MarketplaceApp/app/CartScreen.tsx","statementMap":{"0":{"start":{"line":4,"column":2},"end":{"line":6,"column":4}}},"fnMap":{"0":{"name":"CartScreen","decl":{"start":{"line":3,"column":24},"end":{"line":3,"column":34}},"loc":{"start":{"line":3,"column":37},"end":{"line":7,"column":1}},"line":3}},"branchMap":{},"s":{"0":0},"f":{"0":0},"b":{}}
,"/Users/noki/Desktop/WebstormProjects/MarketplaceApp/app/CheckoutScreen.tsx": {"path":"/Users/noki/Desktop/WebstormProjects/MarketplaceApp/app/CheckoutScreen.tsx","statementMap":{"0":{"start":{"line":4,"column":2},"end":{"line":6,"column":4}}},"fnMap":{"0":{"name":"CheckoutScreen","decl":{"start":{"line":3,"column":24},"end":{"line":3,"column":38}},"loc":{"start":{"line":3,"column":41},"end":{"line":7,"column":1}},"line":3}},"branchMap":{},"s":{"0":0},"f":{"0":0},"b":{}}
,"/Users/noki/Desktop/WebstormProjects/MarketplaceApp/app/OrderConfirmationScreen.tsx": {"path":"/Users/noki/Desktop/WebstormProjects/MarketplaceApp/app/OrderConfirmationScreen.tsx","statementMap":{"0":{"start":{"line":4,"column":2},"end":{"line":6,"column":4}}},"fnMap":{"0":{"name":"OrderConfirmationScreen","decl":{"start":{"line":3,"column":24},"end":{"line":3,"column":47}},"loc":{"start":{"line":3,"column":50},"end":{"line":7,"column":1}},"line":3}},"branchMap":{},"s":{"0":0},"f":{"0":0},"b":{}}
,"/Users/noki/Desktop/WebstormProjects/MarketplaceApp/app/ProductDetailsScreen.tsx": {"path":"/Users/noki/Desktop/WebstormProjects/MarketplaceApp/app/ProductDetailsScreen.tsx","statementMap":{"0":{"start":{"line":4,"column":2},"end":{"line":6,"column":4}}},"fnMap":{"0":{"name":"ProductDetailsScreen","decl":{"start":{"line":3,"column":24},"end":{"line":3,"column":44}},"loc":{"start":{"line":3,"column":47},"end":{"line":7,"column":1}},"line":3}},"branchMap":{},"s":{"0":0},"f":{"0":0},"b":{}}
,"/Users/noki/Desktop/WebstormProjects/MarketplaceApp/app/ProductListScreen.tsx": {"path":"/Users/noki/Desktop/WebstormProjects/MarketplaceApp/app/ProductListScreen.tsx","statementMap":{"0":{"start":{"line":4,"column":2},"end":{"line":6,"column":4}}},"fnMap":{"0":{"name":"ProductListScreen","decl":{"start":{"line":3,"column":24},"end":{"line":3,"column":41}},"loc":{"start":{"line":3,"column":44},"end":{"line":7,"column":1}},"line":3}},"branchMap":{},"s":{"0":0},"f":{"0":0},"b":{}}
,"/Users/noki/Desktop/WebstormProjects/MarketplaceApp/app/_layout.tsx": {"path":"/Users/noki/Desktop/WebstormProjects/MarketplaceApp/app/_layout.tsx","statementMap":{"0":{"start":{"line":7,"column":2},"end":{"line":53,"column":4}}},"fnMap":{"0":{"name":"RootLayout","decl":{"start":{"line":6,"column":24},"end":{"line":6,"column":34}},"loc":{"start":{"line":6,"column":37},"end":{"line":54,"column":1}},"line":6}},"branchMap":{},"s":{"0":0},"f":{"0":0},"b":{}}
,"/Users/noki/Desktop/WebstormProjects/MarketplaceApp/app/index.tsx": {"path":"/Users/noki/Desktop/WebstormProjects/MarketplaceApp/app/index.tsx","statementMap":{"0":{"start":{"line":5,"column":21},"end":{"line":5,"column":36}},"1":{"start":{"line":7,"column":2},"end":{"line":17,"column":4}},"2":{"start":{"line":12,"column":23},"end":{"line":12,"column":63}},"3":{"start":{"line":20,"column":15},"end":{"line":46,"column":2}}},"fnMap":{"0":{"name":"HomeScreen","decl":{"start":{"line":4,"column":24},"end":{"line":4,"column":34}},"loc":{"start":{"line":4,"column":37},"end":{"line":18,"column":1}},"line":4},"1":{"name":"(anonymous_1)","decl":{"start":{"line":12,"column":17},"end":{"line":12,"column":18}},"loc":{"start":{"line":12,"column":23},"end":{"line":12,"column":63}},"line":12}},"branchMap":{},"s":{"0":0,"1":0,"2":0,"3":0},"f":{"0":0,"1":0},"b":{}}
,"/Users/noki/Desktop/WebstormProjects/MarketplaceApp/src/contexts/CartContext.tsx": {"path":"/Users/noki/Desktop/WebstormProjects/MarketplaceApp/src/contexts/CartContext.tsx","statementMap":{"0":{"start":{"line":19,"column":20},"end":{"line":19,"column":73}},"1":{"start":{"line":21,"column":63},"end":{"line":87,"column":1}},"2":{"start":{"line":22,"column":28},"end":{"line":22,"column":52}},"3":{"start":{"line":24,"column":20},"end":{"line":38,"column":3}},"4":{"start":{"line":25,"column":4},"end":{"line":37,"column":7}},"5":{"start":{"line":26,"column":27},"end":{"line":26,"column":81}},"6":{"start":{"line":26,"column":50},"end":{"line":26,"column":80}},"7":{"start":{"line":28,"column":6},"end":{"line":34,"column":7}},"8":{"start":{"line":29,"column":8},"end":{"line":33,"column":10}},"9":{"start":{"line":30,"column":10},"end":{"line":32,"column":18}},"10":{"start":{"line":36,"column":6},"end":{"line":36,"column":51}},"11":{"start":{"line":40,"column":25},"end":{"line":42,"column":3}},"12":{"start":{"line":41,"column":4},"end":{"line":41,"column":83}},"13":{"start":{"line":41,"column":26},"end":{"line":41,"column":81}},"14":{"start":{"line":41,"column":51},"end":{"line":41,"column":80}},"15":{"start":{"line":44,"column":25},"end":{"line":55,"column":3}},"16":{"start":{"line":45,"column":4},"end":{"line":48,"column":5}},"17":{"start":{"line":46,"column":6},"end":{"line":46,"column":32}},"18":{"start":{"line":47,"column":6},"end":{"line":47,"column":13}},"19":{"start":{"line":50,"column":4},"end":{"line":54,"column":6}},"20":{"start":{"line":51,"column":6},"end":{"line":53,"column":7}},"21":{"start":{"line":52,"column":8},"end":{"line":52,"column":68}},"22":{"start":{"line":57,"column":20},"end":{"line":59,"column":3}},"23":{"start":{"line":58,"column":4},"end":{"line":58,"column":17}},"24":{"start":{"line":61,"column":23},"end":{"line":66,"column":3}},"25":{"start":{"line":62,"column":4},"end":{"line":65,"column":6}},"26":{"start":{"line":63,"column":23},"end":{"line":63,"column":65}},"27":{"start":{"line":68,"column":23},"end":{"line":70,"column":3}},"28":{"start":{"line":69,"column":4},"end":{"line":69,"column":67}},"29":{"start":{"line":69,"column":41},"end":{"line":69,"column":62}},"30":{"start":{"line":72,"column":2},"end":{"line":86,"column":4}},"31":{"start":{"line":89,"column":23},"end":{"line":95,"column":1}},"32":{"start":{"line":90,"column":18},"end":{"line":90,"column":41}},"33":{"start":{"line":91,"column":2},"end":{"line":93,"column":3}},"34":{"start":{"line":92,"column":4},"end":{"line":92,"column":66}},"35":{"start":{"line":94,"column":2},"end":{"line":94,"column":17}}},"fnMap":{"0":{"name":"(anonymous_0)","decl":{"start":{"line":21,"column":63},"end":{"line":21,"column":64}},"loc":{"start":{"line":21,"column":81},"end":{"line":87,"column":1}},"line":21},"1":{"name":"(anonymous_1)","decl":{"start":{"line":24,"column":20},"end":{"line":24,"column":21}},"loc":{"start":{"line":24,"column":64},"end":{"line":38,"column":3}},"line":24},"2":{"name":"(anonymous_2)","decl":{"start":{"line":25,"column":13},"end":{"line":25,"column":14}},"loc":{"start":{"line":25,"column":26},"end":{"line":37,"column":5}},"line":25},"3":{"name":"(anonymous_3)","decl":{"start":{"line":26,"column":42},"end":{"line":26,"column":43}},"loc":{"start":{"line":26,"column":50},"end":{"line":26,"column":80}},"line":26},"4":{"name":"(anonymous_4)","decl":{"start":{"line":29,"column":29},"end":{"line":29,"column":30}},"loc":{"start":{"line":30,"column":10},"end":{"line":32,"column":18}},"line":30},"5":{"name":"(anonymous_5)","decl":{"start":{"line":40,"column":25},"end":{"line":40,"column":26}},"loc":{"start":{"line":40,"column":48},"end":{"line":42,"column":3}},"line":40},"6":{"name":"(anonymous_6)","decl":{"start":{"line":41,"column":13},"end":{"line":41,"column":14}},"loc":{"start":{"line":41,"column":26},"end":{"line":41,"column":81}},"line":41},"7":{"name":"(anonymous_7)","decl":{"start":{"line":41,"column":43},"end":{"line":41,"column":44}},"loc":{"start":{"line":41,"column":51},"end":{"line":41,"column":80}},"line":41},"8":{"name":"(anonymous_8)","decl":{"start":{"line":44,"column":25},"end":{"line":44,"column":26}},"loc":{"start":{"line":44,"column":66},"end":{"line":55,"column":3}},"line":44},"9":{"name":"(anonymous_9)","decl":{"start":{"line":50,"column":13},"end":{"line":50,"column":14}},"loc":{"start":{"line":51,"column":6},"end":{"line":53,"column":7}},"line":51},"10":{"name":"(anonymous_10)","decl":{"start":{"line":51,"column":20},"end":{"line":51,"column":21}},"loc":{"start":{"line":52,"column":8},"end":{"line":52,"column":68}},"line":52},"11":{"name":"(anonymous_11)","decl":{"start":{"line":57,"column":20},"end":{"line":57,"column":21}},"loc":{"start":{"line":57,"column":26},"end":{"line":59,"column":3}},"line":57},"12":{"name":"(anonymous_12)","decl":{"start":{"line":61,"column":23},"end":{"line":61,"column":24}},"loc":{"start":{"line":61,"column":29},"end":{"line":66,"column":3}},"line":61},"13":{"name":"(anonymous_13)","decl":{"start":{"line":63,"column":6},"end":{"line":63,"column":7}},"loc":{"start":{"line":63,"column":23},"end":{"line":63,"column":65}},"line":63},"14":{"name":"(anonymous_14)","decl":{"start":{"line":68,"column":23},"end":{"line":68,"column":24}},"loc":{"start":{"line":68,"column":29},"end":{"line":70,"column":3}},"line":68},"15":{"name":"(anonymous_15)","decl":{"start":{"line":69,"column":24},"end":{"line":69,"column":25}},"loc":{"start":{"line":69,"column":41},"end":{"line":69,"column":62}},"line":69},"16":{"name":"(anonymous_16)","decl":{"start":{"line":89,"column":23},"end":{"line":89,"column":24}},"loc":{"start":{"line":89,"column":29},"end":{"line":95,"column":1}},"line":89}},"branchMap":{"0":{"loc":{"start":{"line":24,"column":39},"end":{"line":24,"column":59}},"type":"default-arg","locations":[{"start":{"line":24,"column":58},"end":{"line":24,"column":59}}],"line":24},"1":{"loc":{"start":{"line":28,"column":6},"end":{"line":34,"column":7}},"type":"if","locations":[{"start":{"line":28,"column":6},"end":{"line":34,"column":7}},{"start":{},"end":{}}],"line":28},"2":{"loc":{"start":{"line":30,"column":10},"end":{"line":32,"column":18}},"type":"cond-expr","locations":[{"start":{"line":31,"column":14},"end":{"line":31,"column":61}},{"start":{"line":32,"column":14},"end":{"line":32,"column":18}}],"line":30},"3":{"loc":{"start":{"line":45,"column":4},"end":{"line":48,"column":5}},"type":"if","locations":[{"start":{"line":45,"column":4},"end":{"line":48,"column":5}},{"start":{},"end":{}}],"line":45},"4":{"loc":{"start":{"line":52,"column":8},"end":{"line":52,"column":68}},"type":"cond-expr","locations":[{"start":{"line":52,"column":40},"end":{"line":52,"column":61}},{"start":{"line":52,"column":64},"end":{"line":52,"column":68}}],"line":52},"5":{"loc":{"start":{"line":91,"column":2},"end":{"line":93,"column":3}},"type":"if","locations":[{"start":{"line":91,"column":2},"end":{"line":93,"column":3}},{"start":{},"end":{}}],"line":91}},"s":{"0":0,"1":0,"2":0,"3":0,"4":0,"5":0,"6":0,"7":0,"8":0,"9":0,"10":0,"11":0,"12":0,"13":0,"14":0,"15":0,"16":0,"17":0,"18":0,"19":0,"20":0,"21":0,"22":0,"23":0,"24":0,"25":0,"26":0,"27":0,"28":0,"29":0,"30":0,"31":0,"32":0,"33":0,"34":0,"35":0},"f":{"0":0,"1":0,"2":0,"3":0,"4":0,"5":0,"6":0,"7":0,"8":0,"9":0,"10":0,"11":0,"12":0,"13":0,"14":0,"15":0,"16":0},"b":{"0":[0],"1":[0,0],"2":[0,0],"3":[0,0],"4":[0,0],"5":[0,0]}}
,"/Users/noki/Desktop/WebstormProjects/MarketplaceApp/src/data/api/mockOrderApi.ts": {"path":"/Users/noki/Desktop/WebstormProjects/MarketplaceApp/src/data/api/mockOrderApi.ts","statementMap":{"0":{"start":{"line":5,"column":22},"end":{"line":5,"column":24}},"1":{"start":{"line":7,"column":28},"end":{"line":55,"column":1}},"2":{"start":{"line":9,"column":4},"end":{"line":38,"column":5}},"3":{"start":{"line":11,"column":6},"end":{"line":11,"column":62}},"4":{"start":{"line":11,"column":35},"end":{"line":11,"column":60}},"5":{"start":{"line":13,"column":30},"end":{"line":23,"column":7}},"6":{"start":{"line":17,"column":53},"end":{"line":17,"column":87}},"7":{"start":{"line":25,"column":6},"end":{"line":25,"column":28}},"8":{"start":{"line":27,"column":6},"end":{"line":31,"column":8}},"9":{"start":{"line":33,"column":6},"end":{"line":33,"column":52}},"10":{"start":{"line":34,"column":6},"end":{"line":37,"column":8}},"11":{"start":{"line":42,"column":4},"end":{"line":42,"column":59}},"12":{"start":{"line":42,"column":33},"end":{"line":42,"column":57}},"13":{"start":{"line":43,"column":4},"end":{"line":43,"column":57}},"14":{"start":{"line":43,"column":32},"end":{"line":43,"column":47}},"15":{"start":{"line":47,"column":4},"end":{"line":47,"column":59}},"16":{"start":{"line":47,"column":33},"end":{"line":47,"column":57}},"17":{"start":{"line":48,"column":4},"end":{"line":48,"column":59}},"18":{"start":{"line":48,"column":34},"end":{"line":48,"column":57}},"19":{"start":{"line":53,"column":4},"end":{"line":53,"column":16}}},"fnMap":{"0":{"name":"(anonymous_0)","decl":{"start":{"line":8,"column":2},"end":{"line":8,"column":3}},"loc":{"start":{"line":8,"column":75},"end":{"line":39,"column":3}},"line":8},"1":{"name":"(anonymous_1)","decl":{"start":{"line":11,"column":24},"end":{"line":11,"column":25}},"loc":{"start":{"line":11,"column":35},"end":{"line":11,"column":60}},"line":11},"2":{"name":"(anonymous_2)","decl":{"start":{"line":17,"column":38},"end":{"line":17,"column":39}},"loc":{"start":{"line":17,"column":53},"end":{"line":17,"column":87}},"line":17},"3":{"name":"(anonymous_3)","decl":{"start":{"line":41,"column":2},"end":{"line":41,"column":3}},"loc":{"start":{"line":41,"column":56},"end":{"line":44,"column":3}},"line":41},"4":{"name":"(anonymous_4)","decl":{"start":{"line":42,"column":22},"end":{"line":42,"column":23}},"loc":{"start":{"line":42,"column":33},"end":{"line":42,"column":57}},"line":42},"5":{"name":"(anonymous_5)","decl":{"start":{"line":43,"column":23},"end":{"line":43,"column":24}},"loc":{"start":{"line":43,"column":32},"end":{"line":43,"column":47}},"line":43},"6":{"name":"(anonymous_6)","decl":{"start":{"line":46,"column":2},"end":{"line":46,"column":3}},"loc":{"start":{"line":46,"column":56},"end":{"line":49,"column":3}},"line":46},"7":{"name":"(anonymous_7)","decl":{"start":{"line":47,"column":22},"end":{"line":47,"column":23}},"loc":{"start":{"line":47,"column":33},"end":{"line":47,"column":57}},"line":47},"8":{"name":"(anonymous_8)","decl":{"start":{"line":48,"column":25},"end":{"line":48,"column":26}},"loc":{"start":{"line":48,"column":34},"end":{"line":48,"column":57}},"line":48},"9":{"name":"(anonymous_9)","decl":{"start":{"line":52,"column":2},"end":{"line":52,"column":3}},"loc":{"start":{"line":52,"column":17},"end":{"line":54,"column":3}},"line":52}},"branchMap":{"0":{"loc":{"start":{"line":43,"column":11},"end":{"line":43,"column":56}},"type":"binary-expr","locations":[{"start":{"line":43,"column":11},"end":{"line":43,"column":48}},{"start":{"line":43,"column":52},"end":{"line":43,"column":56}}],"line":43}},"s":{"0":0,"1":0,"2":0,"3":0,"4":0,"5":0,"6":0,"7":0,"8":0,"9":0,"10":0,"11":0,"12":0,"13":0,"14":0,"15":0,"16":0,"17":0,"18":0,"19":0},"f":{"0":0,"1":0,"2":0,"3":0,"4":0,"5":0,"6":0,"7":0,"8":0,"9":0},"b":{"0":[0,0]}}
,"/Users/noki/Desktop/WebstormProjects/MarketplaceApp/src/data/api/mockProductApi.ts": {"path":"/Users/noki/Desktop/WebstormProjects/MarketplaceApp/src/data/api/mockProductApi.ts","statementMap":{"0":{"start":{"line":6,"column":34},"end":{"line":67,"column":1}},"1":{"start":{"line":70,"column":29},"end":{"line":92,"column":1}},"2":{"start":{"line":71,"column":21},"end":{"line":71,"column":90}},"3":{"start":{"line":72,"column":34},"end":{"line":72,"column":53}},"4":{"start":{"line":75,"column":2},"end":{"line":89,"column":3}},"5":{"start":{"line":75,"column":15},"end":{"line":75,"column":38}},"6":{"start":{"line":76,"column":21},"end":{"line":76,"column":78}},"7":{"start":{"line":77,"column":4},"end":{"line":88,"column":7}},"8":{"start":{"line":91,"column":2},"end":{"line":91,"column":22}},"9":{"start":{"line":95,"column":17},"end":{"line":95,"column":42}},"10":{"start":{"line":97,"column":30},"end":{"line":167,"column":1}},"11":{"start":{"line":100,"column":4},"end":{"line":100,"column":59}},"12":{"start":{"line":100,"column":33},"end":{"line":100,"column":57}},"13":{"start":{"line":102,"column":27},"end":{"line":102,"column":40}},"14":{"start":{"line":105,"column":4},"end":{"line":112,"column":5}},"15":{"start":{"line":106,"column":26},"end":{"line":106,"column":65}},"16":{"start":{"line":107,"column":6},"end":{"line":111,"column":9}},"17":{"start":{"line":109,"column":26},"end":{"line":109,"column":65}},"18":{"start":{"line":110,"column":8},"end":{"line":110,"column":68}},"19":{"start":{"line":110,"column":38},"end":{"line":110,"column":66}},"20":{"start":{"line":115,"column":4},"end":{"line":119,"column":5}},"21":{"start":{"line":116,"column":6},"end":{"line":118,"column":8}},"22":{"start":{"line":117,"column":19},"end":{"line":117,"column":55}},"23":{"start":{"line":122,"column":4},"end":{"line":129,"column":7}},"24":{"start":{"line":123,"column":21},"end":{"line":123,"column":37}},"25":{"start":{"line":124,"column":21},"end":{"line":124,"column":37}},"26":{"start":{"line":126,"column":6},"end":{"line":126,"column":70}},"27":{"start":{"line":126,"column":27},"end":{"line":126,"column":70}},"28":{"start":{"line":127,"column":6},"end":{"line":127,"column":70}},"29":{"start":{"line":127,"column":27},"end":{"line":127,"column":70}},"30":{"start":{"line":128,"column":6},"end":{"line":128,"column":15}},"31":{"start":{"line":132,"column":23},"end":{"line":132,"column":55}},"32":{"start":{"line":133,"column":21},"end":{"line":133,"column":46}},"33":{"start":{"line":134,"column":30},"end":{"line":134,"column":74}},"34":{"start":{"line":136,"column":4},"end":{"line":142,"column":6}},"35":{"start":{"line":146,"column":4},"end":{"line":146,"column":59}},"36":{"start":{"line":146,"column":33},"end":{"line":146,"column":57}},"37":{"start":{"line":147,"column":20},"end":{"line":147,"column":51}},"38":{"start":{"line":147,"column":39},"end":{"line":147,"column":50}},"39":{"start":{"line":148,"column":4},"end":{"line":152,"column":6}},"40":{"start":{"line":156,"column":4},"end":{"line":156,"column":59}},"41":{"start":{"line":156,"column":33},"end":{"line":156,"column":57}},"42":{"start":{"line":157,"column":23},"end":{"line":157,"column":73}},"43":{"start":{"line":157,"column":60},"end":{"line":157,"column":70}},"44":{"start":{"line":158,"column":4},"end":{"line":158,"column":22}},"45":{"start":{"line":162,"column":4},"end":{"line":162,"column":59}},"46":{"start":{"line":162,"column":33},"end":{"line":162,"column":57}},"47":{"start":{"line":163,"column":4},"end":{"line":165,"column":23}},"48":{"start":{"line":164,"column":22},"end":{"line":164,"column":41}}},"fnMap":{"0":{"name":"(anonymous_0)","decl":{"start":{"line":70,"column":29},"end":{"line":70,"column":30}},"loc":{"start":{"line":70,"column":59},"end":{"line":92,"column":1}},"line":70},"1":{"name":"(anonymous_1)","decl":{"start":{"line":98,"column":15},"end":{"line":98,"column":16}},"loc":{"start":{"line":98,"column":48},"end":{"line":143,"column":3}},"line":98},"2":{"name":"(anonymous_2)","decl":{"start":{"line":100,"column":22},"end":{"line":100,"column":23}},"loc":{"start":{"line":100,"column":33},"end":{"line":100,"column":57}},"line":100},"3":{"name":"(anonymous_3)","decl":{"start":{"line":107,"column":49},"end":{"line":107,"column":50}},"loc":{"start":{"line":107,"column":60},"end":{"line":111,"column":7}},"line":107},"4":{"name":"(anonymous_4)","decl":{"start":{"line":110,"column":30},"end":{"line":110,"column":31}},"loc":{"start":{"line":110,"column":38},"end":{"line":110,"column":66}},"line":110},"5":{"name":"(anonymous_5)","decl":{"start":{"line":117,"column":8},"end":{"line":117,"column":9}},"loc":{"start":{"line":117,"column":19},"end":{"line":117,"column":55}},"line":117},"6":{"name":"(anonymous_6)","decl":{"start":{"line":122,"column":26},"end":{"line":122,"column":27}},"loc":{"start":{"line":122,"column":36},"end":{"line":129,"column":5}},"line":122},"7":{"name":"(anonymous_7)","decl":{"start":{"line":145,"column":18},"end":{"line":145,"column":19}},"loc":{"start":{"line":145,"column":40},"end":{"line":153,"column":3}},"line":145},"8":{"name":"(anonymous_8)","decl":{"start":{"line":146,"column":22},"end":{"line":146,"column":23}},"loc":{"start":{"line":146,"column":33},"end":{"line":146,"column":57}},"line":146},"9":{"name":"(anonymous_9)","decl":{"start":{"line":147,"column":34},"end":{"line":147,"column":35}},"loc":{"start":{"line":147,"column":39},"end":{"line":147,"column":50}},"line":147},"10":{"name":"(anonymous_10)","decl":{"start":{"line":155,"column":17},"end":{"line":155,"column":18}},"loc":{"start":{"line":155,"column":29},"end":{"line":159,"column":3}},"line":155},"11":{"name":"(anonymous_11)","decl":{"start":{"line":156,"column":22},"end":{"line":156,"column":23}},"loc":{"start":{"line":156,"column":33},"end":{"line":156,"column":57}},"line":156},"12":{"name":"(anonymous_12)","decl":{"start":{"line":157,"column":55},"end":{"line":157,"column":56}},"loc":{"start":{"line":157,"column":60},"end":{"line":157,"column":70}},"line":157},"13":{"name":"(anonymous_13)","decl":{"start":{"line":161,"column":23},"end":{"line":161,"column":24}},"loc":{"start":{"line":161,"column":48},"end":{"line":166,"column":3}},"line":161},"14":{"name":"(anonymous_14)","decl":{"start":{"line":162,"column":22},"end":{"line":162,"column":23}},"loc":{"start":{"line":162,"column":33},"end":{"line":162,"column":57}},"line":162},"15":{"name":"(anonymous_15)","decl":{"start":{"line":164,"column":12},"end":{"line":164,"column":13}},"loc":{"start":{"line":164,"column":22},"end":{"line":164,"column":41}},"line":164}},"branchMap":{"0":{"loc":{"start":{"line":105,"column":4},"end":{"line":112,"column":5}},"type":"if","locations":[{"start":{"line":105,"column":4},"end":{"line":112,"column":5}},{"start":{},"end":{}}],"line":105},"1":{"loc":{"start":{"line":115,"column":4},"end":{"line":119,"column":5}},"type":"if","locations":[{"start":{"line":115,"column":4},"end":{"line":119,"column":5}},{"start":{},"end":{}}],"line":115},"2":{"loc":{"start":{"line":126,"column":6},"end":{"line":126,"column":70}},"type":"if","locations":[{"start":{"line":126,"column":6},"end":{"line":126,"column":70}},{"start":{},"end":{}}],"line":126},"3":{"loc":{"start":{"line":126,"column":34},"end":{"line":126,"column":69}},"type":"cond-expr","locations":[{"start":{"line":126,"column":63},"end":{"line":126,"column":65}},{"start":{"line":126,"column":68},"end":{"line":126,"column":69}}],"line":126},"4":{"loc":{"start":{"line":127,"column":6},"end":{"line":127,"column":70}},"type":"if","locations":[{"start":{"line":127,"column":6},"end":{"line":127,"column":70}},{"start":{},"end":{}}],"line":127},"5":{"loc":{"start":{"line":127,"column":34},"end":{"line":127,"column":69}},"type":"cond-expr","locations":[{"start":{"line":127,"column":63},"end":{"line":127,"column":64}},{"start":{"line":127,"column":67},"end":{"line":127,"column":69}}],"line":127},"6":{"loc":{"start":{"line":150,"column":12},"end":{"line":150,"column":32}},"type":"binary-expr","locations":[{"start":{"line":150,"column":12},"end":{"line":150,"column":19}},{"start":{"line":150,"column":23},"end":{"line":150,"column":32}}],"line":150},"7":{"loc":{"start":{"line":151,"column":13},"end":{"line":151,"column":54}},"type":"cond-expr","locations":[{"start":{"line":151,"column":23},"end":{"line":151,"column":32}},{"start":{"line":151,"column":35},"end":{"line":151,"column":54}}],"line":151}},"s":{"0":0,"1":0,"2":0,"3":0,"4":0,"5":0,"6":0,"7":0,"8":0,"9":0,"10":0,"11":0,"12":0,"13":0,"14":0,"15":0,"16":0,"17":0,"18":0,"19":0,"20":0,"21":0,"22":0,"23":0,"24":0,"25":0,"26":0,"27":0,"28":0,"29":0,"30":0,"31":0,"32":0,"33":0,"34":0,"35":0,"36":0,"37":0,"38":0,"39":0,"40":0,"41":0,"42":0,"43":0,"44":0,"45":0,"46":0,"47":0,"48":0},"f":{"0":0,"1":0,"2":0,"3":0,"4":0,"5":0,"6":0,"7":0,"8":0,"9":0,"10":0,"11":0,"12":0,"13":0,"14":0,"15":0},"b":{"0":[0,0],"1":[0,0],"2":[0,0],"3":[0,0],"4":[0,0],"5":[0,0],"6":[0,0],"7":[0,0]}}
,"/Users/noki/Desktop/WebstormProjects/MarketplaceApp/src/data/repositories/OrderRepositoryImpl.ts": {"path":"/Users/noki/Desktop/WebstormProjects/MarketplaceApp/src/data/repositories/OrderRepositoryImpl.ts","statementMap":{"0":{"start":{"line":7,"column":4},"end":{"line":7,"column":47}},"1":{"start":{"line":11,"column":4},"end":{"line":11,"column":41}},"2":{"start":{"line":15,"column":4},"end":{"line":15,"column":46}}},"fnMap":{"0":{"name":"(anonymous_0)","decl":{"start":{"line":6,"column":2},"end":{"line":6,"column":3}},"loc":{"start":{"line":6,"column":75},"end":{"line":8,"column":3}},"line":6},"1":{"name":"(anonymous_1)","decl":{"start":{"line":10,"column":2},"end":{"line":10,"column":3}},"loc":{"start":{"line":10,"column":33},"end":{"line":12,"column":3}},"line":10},"2":{"name":"(anonymous_2)","decl":{"start":{"line":14,"column":2},"end":{"line":14,"column":3}},"loc":{"start":{"line":14,"column":38},"end":{"line":16,"column":3}},"line":14}},"branchMap":{},"s":{"0":0,"1":0,"2":0},"f":{"0":0,"1":0,"2":0},"b":{}}
,"/Users/noki/Desktop/WebstormProjects/MarketplaceApp/src/data/repositories/ProductRepositoryImpl.ts": {"path":"/Users/noki/Desktop/WebstormProjects/MarketplaceApp/src/data/repositories/ProductRepositoryImpl.ts","statementMap":{"0":{"start":{"line":11,"column":4},"end":{"line":19,"column":24}},"1":{"start":{"line":23,"column":4},"end":{"line":23,"column":45}},"2":{"start":{"line":28,"column":4},"end":{"line":28,"column":47}},"3":{"start":{"line":36,"column":4},"end":{"line":36,"column":47}},"4":{"start":{"line":41,"column":4},"end":{"line":41,"column":47}},"5":{"start":{"line":45,"column":4},"end":{"line":45,"column":42}},"6":{"start":{"line":49,"column":19},"end":{"line":53,"column":6}},"7":{"start":{"line":54,"column":4},"end":{"line":54,"column":23}},"8":{"start":{"line":58,"column":4},"end":{"line":58,"column":53}}},"fnMap":{"0":{"name":"(anonymous_0)","decl":{"start":{"line":6,"column":2},"end":{"line":6,"column":3}},"loc":{"start":{"line":10,"column":4},"end":{"line":20,"column":3}},"line":10},"1":{"name":"(anonymous_1)","decl":{"start":{"line":22,"column":2},"end":{"line":22,"column":3}},"loc":{"start":{"line":22,"column":59},"end":{"line":24,"column":3}},"line":22},"2":{"name":"(anonymous_2)","decl":{"start":{"line":26,"column":2},"end":{"line":26,"column":3}},"loc":{"start":{"line":26,"column":101},"end":{"line":29,"column":3}},"line":26},"3":{"name":"(anonymous_3)","decl":{"start":{"line":31,"column":2},"end":{"line":31,"column":3}},"loc":{"start":{"line":34,"column":35},"end":{"line":37,"column":3}},"line":34},"4":{"name":"(anonymous_4)","decl":{"start":{"line":39,"column":2},"end":{"line":39,"column":3}},"loc":{"start":{"line":39,"column":58},"end":{"line":42,"column":3}},"line":39},"5":{"name":"(anonymous_5)","decl":{"start":{"line":44,"column":2},"end":{"line":44,"column":3}},"loc":{"start":{"line":44,"column":43},"end":{"line":46,"column":3}},"line":44},"6":{"name":"(anonymous_6)","decl":{"start":{"line":48,"column":2},"end":{"line":48,"column":3}},"loc":{"start":{"line":48,"column":66},"end":{"line":55,"column":3}},"line":48},"7":{"name":"(anonymous_7)","decl":{"start":{"line":57,"column":2},"end":{"line":57,"column":3}},"loc":{"start":{"line":57,"column":63},"end":{"line":59,"column":3}},"line":57}},"branchMap":{"0":{"loc":{"start":{"line":7,"column":4},"end":{"line":7,"column":20}},"type":"default-arg","locations":[{"start":{"line":7,"column":19},"end":{"line":7,"column":20}}],"line":7},"1":{"loc":{"start":{"line":8,"column":4},"end":{"line":8,"column":22}},"type":"default-arg","locations":[{"start":{"line":8,"column":20},"end":{"line":8,"column":22}}],"line":8},"2":{"loc":{"start":{"line":9,"column":4},"end":{"line":9,"column":40}},"type":"default-arg","locations":[{"start":{"line":9,"column":38},"end":{"line":9,"column":40}}],"line":9}},"s":{"0":0,"1":0,"2":0,"3":0,"4":0,"5":0,"6":0,"7":0,"8":0},"f":{"0":0,"1":0,"2":0,"3":0,"4":0,"5":0,"6":0,"7":0},"b":{"0":[0],"1":[0],"2":[0]}}
,"/Users/noki/Desktop/WebstormProjects/MarketplaceApp/src/data/repositories/index.ts": {"path":"/Users/noki/Desktop/WebstormProjects/MarketplaceApp/src/data/repositories/index.ts","statementMap":{"0":{"start":{"line":5,"column":45},"end":{"line":5,"column":72}},"1":{"start":{"line":8,"column":28},"end":{"line":10,"column":1}}},"fnMap":{},"branchMap":{},"s":{"0":0,"1":0},"f":{},"b":{}}
,"/Users/noki/Desktop/WebstormProjects/MarketplaceApp/src/domain/models/Product.ts": {"path":"/Users/noki/Desktop/WebstormProjects/MarketplaceApp/src/domain/models/Product.ts","statementMap":{"0":{"start":{"line":44,"column":33},"end":{"line":44,"column":35}},"1":{"start":{"line":46,"column":45},"end":{"line":53,"column":1}}},"fnMap":{},"branchMap":{},"s":{"0":0,"1":0},"f":{},"b":{}}
,"/Users/noki/Desktop/WebstormProjects/MarketplaceApp/src/domain/repositories/BaseRepository.ts": {"path":"/Users/noki/Desktop/WebstormProjects/MarketplaceApp/src/domain/repositories/BaseRepository.ts","statementMap":{},"fnMap":{},"branchMap":{},"s":{},"f":{},"b":{}}
,"/Users/noki/Desktop/WebstormProjects/MarketplaceApp/src/domain/repositories/OrderRepository.ts": {"path":"/Users/noki/Desktop/WebstormProjects/MarketplaceApp/src/domain/repositories/OrderRepository.ts","statementMap":{},"fnMap":{},"branchMap":{},"s":{},"f":{},"b":{}}
,"/Users/noki/Desktop/WebstormProjects/MarketplaceApp/src/domain/repositories/ProductRepository.ts": {"path":"/Users/noki/Desktop/WebstormProjects/MarketplaceApp/src/domain/repositories/ProductRepository.ts","statementMap":{},"fnMap":{},"branchMap":{},"s":{},"f":{},"b":{}}
,"/Users/noki/Desktop/WebstormProjects/MarketplaceApp/src/presentation/components/Cart/index.tsx": {"path":"/Users/noki/Desktop/WebstormProjects/MarketplaceApp/src/presentation/components/Cart/index.tsx","statementMap":{"0":{"start":{"line":18,"column":21},"end":{"line":18,"column":36}},"1":{"start":{"line":19,"column":19},"end":{"line":19,"column":32}},"2":{"start":{"line":20,"column":16},"end":{"line":20,"column":44}},"3":{"start":{"line":21,"column":21},"end":{"line":21,"column":50}},"4":{"start":{"line":22,"column":21},"end":{"line":22,"column":50}},"5":{"start":{"line":23,"column":36},"end":{"line":23,"column":50}},"6":{"start":{"line":26,"column":19},"end":{"line":26,"column":22}},"7":{"start":{"line":27,"column":14},"end":{"line":27,"column":35}},"8":{"start":{"line":28,"column":21},"end":{"line":28,"column":37}},"9":{"start":{"line":30,"column":2},"end":{"line":37,"column":9}},"10":{"start":{"line":32,"column":18},"end":{"line":34,"column":11}},"11":{"start":{"line":33,"column":6},"end":{"line":33,"column":26}},"12":{"start":{"line":36,"column":4},"end":{"line":36,"column":37}},"13":{"start":{"line":36,"column":17},"end":{"line":36,"column":36}},"14":{"start":{"line":39,"column":33},"end":{"line":44,"column":23}},"15":{"start":{"line":40,"column":17},"end":{"line":40,"column":58}},"16":{"start":{"line":40,"column":36},"end":{"line":40,"column":57}},"17":{"start":{"line":41,"column":4},"end":{"line":43,"column":5}},"18":{"start":{"line":42,"column":6},"end":{"line":42,"column":79}},"19":{"start":{"line":46,"column":33},"end":{"line":51,"column":23}},"20":{"start":{"line":47,"column":17},"end":{"line":47,"column":58}},"21":{"start":{"line":47,"column":36},"end":{"line":47,"column":57}},"22":{"start":{"line":48,"column":4},"end":{"line":50,"column":5}},"23":{"start":{"line":49,"column":6},"end":{"line":49,"column":79}},"24":{"start":{"line":53,"column":27},"end":{"line":55,"column":16}},"25":{"start":{"line":54,"column":4},"end":{"line":54,"column":40}},"26":{"start":{"line":57,"column":23},"end":{"line":59,"column":16}},"27":{"start":{"line":58,"column":2},"end":{"line":58,"column":40}},"28":{"start":{"line":61,"column":25},"end":{"line":63,"column":16}},"29":{"start":{"line":62,"column":2},"end":{"line":62,"column":43}},"30":{"start":{"line":65,"column":21},"end":{"line":72,"column":72}},"31":{"start":{"line":66,"column":4},"end":{"line":71,"column":6}},"32":{"start":{"line":74,"column":2},"end":{"line":80,"column":3}},"33":{"start":{"line":75,"column":4},"end":{"line":79,"column":6}},"34":{"start":{"line":82,"column":2},"end":{"line":139,"column":4}},"35":{"start":{"line":90,"column":27},"end":{"line":90,"column":67}},"36":{"start":{"line":100,"column":36},"end":{"line":100,"column":43}},"37":{"start":{"line":142,"column":15},"end":{"line":265,"column":2}}},"fnMap":{"0":{"name":"CartScreen","decl":{"start":{"line":17,"column":24},"end":{"line":17,"column":34}},"loc":{"start":{"line":17,"column":37},"end":{"line":140,"column":1}},"line":17},"1":{"name":"(anonymous_1)","decl":{"start":{"line":30,"column":12},"end":{"line":30,"column":13}},"loc":{"start":{"line":30,"column":18},"end":{"line":37,"column":3}},"line":30},"2":{"name":"(anonymous_2)","decl":{"start":{"line":32,"column":29},"end":{"line":32,"column":30}},"loc":{"start":{"line":32,"column":35},"end":{"line":34,"column":5}},"line":32},"3":{"name":"(anonymous_3)","decl":{"start":{"line":36,"column":11},"end":{"line":36,"column":12}},"loc":{"start":{"line":36,"column":17},"end":{"line":36,"column":36}},"line":36},"4":{"name":"(anonymous_4)","decl":{"start":{"line":39,"column":45},"end":{"line":39,"column":46}},"loc":{"start":{"line":39,"column":68},"end":{"line":44,"column":3}},"line":39},"5":{"name":"(anonymous_5)","decl":{"start":{"line":40,"column":28},"end":{"line":40,"column":29}},"loc":{"start":{"line":40,"column":36},"end":{"line":40,"column":57}},"line":40},"6":{"name":"(anonymous_6)","decl":{"start":{"line":46,"column":45},"end":{"line":46,"column":46}},"loc":{"start":{"line":46,"column":68},"end":{"line":51,"column":3}},"line":46},"7":{"name":"(anonymous_7)","decl":{"start":{"line":47,"column":28},"end":{"line":47,"column":29}},"loc":{"start":{"line":47,"column":36},"end":{"line":47,"column":57}},"line":47},"8":{"name":"(anonymous_8)","decl":{"start":{"line":53,"column":39},"end":{"line":53,"column":40}},"loc":{"start":{"line":53,"column":62},"end":{"line":55,"column":3}},"line":53},"9":{"name":"(anonymous_9)","decl":{"start":{"line":57,"column":35},"end":{"line":57,"column":36}},"loc":{"start":{"line":57,"column":41},"end":{"line":59,"column":1}},"line":57},"10":{"name":"(anonymous_10)","decl":{"start":{"line":61,"column":37},"end":{"line":61,"column":38}},"loc":{"start":{"line":61,"column":43},"end":{"line":63,"column":1}},"line":61},"11":{"name":"(anonymous_11)","decl":{"start":{"line":65,"column":33},"end":{"line":65,"column":34}},"loc":{"start":{"line":66,"column":4},"end":{"line":71,"column":6}},"line":66},"12":{"name":"(anonymous_12)","decl":{"start":{"line":90,"column":21},"end":{"line":90,"column":22}},"loc":{"start":{"line":90,"column":27},"end":{"line":90,"column":67}},"line":90},"13":{"name":"(anonymous_13)","decl":{"start":{"line":100,"column":26},"end":{"line":100,"column":27}},"loc":{"start":{"line":100,"column":36},"end":{"line":100,"column":43}},"line":100}},"branchMap":{"0":{"loc":{"start":{"line":41,"column":4},"end":{"line":43,"column":5}},"type":"if","locations":[{"start":{"line":41,"column":4},"end":{"line":43,"column":5}},{"start":{},"end":{}}],"line":41},"1":{"loc":{"start":{"line":41,"column":8},"end":{"line":41,"column":42}},"type":"binary-expr","locations":[{"start":{"line":41,"column":8},"end":{"line":41,"column":12}},{"start":{"line":41,"column":16},"end":{"line":41,"column":42}}],"line":41},"2":{"loc":{"start":{"line":48,"column":4},"end":{"line":50,"column":5}},"type":"if","locations":[{"start":{"line":48,"column":4},"end":{"line":50,"column":5}},{"start":{},"end":{}}],"line":48},"3":{"loc":{"start":{"line":48,"column":8},"end":{"line":48,"column":33}},"type":"binary-expr","locations":[{"start":{"line":48,"column":8},"end":{"line":48,"column":12}},{"start":{"line":48,"column":16},"end":{"line":48,"column":33}}],"line":48},"4":{"loc":{"start":{"line":74,"column":2},"end":{"line":80,"column":3}},"type":"if","locations":[{"start":{"line":74,"column":2},"end":{"line":80,"column":3}},{"start":{},"end":{}}],"line":74},"5":{"loc":{"start":{"line":84,"column":7},"end":{"line":137,"column":7}},"type":"cond-expr","locations":[{"start":{"line":85,"column":8},"end":{"line":94,"column":15}},{"start":{"line":96,"column":8},"end":{"line":136,"column":11}}],"line":84}},"s":{"0":0,"1":0,"2":0,"3":0,"4":0,"5":0,"6":0,"7":0,"8":0,"9":0,"10":0,"11":0,"12":0,"13":0,"14":0,"15":0,"16":0,"17":0,"18":0,"19":0,"20":0,"21":0,"22":0,"23":0,"24":0,"25":0,"26":0,"27":0,"28":0,"29":0,"30":0,"31":0,"32":0,"33":0,"34":0,"35":0,"36":0,"37":0},"f":{"0":0,"1":0,"2":0,"3":0,"4":0,"5":0,"6":0,"7":0,"8":0,"9":0,"10":0,"11":0,"12":0,"13":0},"b":{"0":[0,0],"1":[0,0],"2":[0,0],"3":[0,0],"4":[0,0],"5":[0,0]}}
,"/Users/noki/Desktop/WebstormProjects/MarketplaceApp/src/presentation/components/CartItem/index.tsx": {"path":"/Users/noki/Desktop/WebstormProjects/MarketplaceApp/src/presentation/components/CartItem/index.tsx","statementMap":{"0":{"start":{"line":12,"column":49},"end":{"line":55,"column":1}},"1":{"start":{"line":18,"column":2},"end":{"line":54,"column":4}},"2":{"start":{"line":29,"column":27},"end":{"line":29,"column":46}},"3":{"start":{"line":38,"column":27},"end":{"line":38,"column":46}},"4":{"start":{"line":48,"column":23},"end":{"line":48,"column":40}},"5":{"start":{"line":57,"column":15},"end":{"line":114,"column":2}}},"fnMap":{"0":{"name":"(anonymous_0)","decl":{"start":{"line":12,"column":49},"end":{"line":12,"column":50}},"loc":{"start":{"line":17,"column":6},"end":{"line":55,"column":1}},"line":17},"1":{"name":"(anonymous_1)","decl":{"start":{"line":29,"column":21},"end":{"line":29,"column":22}},"loc":{"start":{"line":29,"column":27},"end":{"line":29,"column":46}},"line":29},"2":{"name":"(anonymous_2)","decl":{"start":{"line":38,"column":21},"end":{"line":38,"column":22}},"loc":{"start":{"line":38,"column":27},"end":{"line":38,"column":46}},"line":38},"3":{"name":"(anonymous_3)","decl":{"start":{"line":48,"column":17},"end":{"line":48,"column":18}},"loc":{"start":{"line":48,"column":23},"end":{"line":48,"column":40}},"line":48}},"branchMap":{},"s":{"0":0,"1":0,"2":0,"3":0,"4":0,"5":0},"f":{"0":0,"1":0,"2":0,"3":0},"b":{}}
,"/Users/noki/Desktop/WebstormProjects/MarketplaceApp/src/presentation/components/Checkout/index.tsx": {"path":"/Users/noki/Desktop/WebstormProjects/MarketplaceApp/src/presentation/components/Checkout/index.tsx","statementMap":{"0":{"start":{"line":12,"column":17},"end":{"line":185,"column":1}},"1":{"start":{"line":13,"column":21},"end":{"line":13,"column":66}},"2":{"start":{"line":14,"column":19},"end":{"line":14,"column":32}},"3":{"start":{"line":15,"column":20},"end":{"line":15,"column":48}},"4":{"start":{"line":16,"column":21},"end":{"line":16,"column":50}},"5":{"start":{"line":17,"column":26},"end":{"line":17,"column":51}},"6":{"start":{"line":19,"column":34},"end":{"line":27,"column":4}},"7":{"start":{"line":29,"column":42},"end":{"line":29,"column":57}},"8":{"start":{"line":31,"column":23},"end":{"line":81,"column":3}},"9":{"start":{"line":33,"column":4},"end":{"line":37,"column":5}},"10":{"start":{"line":35,"column":6},"end":{"line":35,"column":65}},"11":{"start":{"line":36,"column":6},"end":{"line":36,"column":13}},"12":{"start":{"line":39,"column":4},"end":{"line":42,"column":5}},"13":{"start":{"line":40,"column":6},"end":{"line":40,"column":65}},"14":{"start":{"line":41,"column":6},"end":{"line":41,"column":13}},"15":{"start":{"line":44,"column":4},"end":{"line":44,"column":26}},"16":{"start":{"line":46,"column":4},"end":{"line":80,"column":5}},"17":{"start":{"line":47,"column":24},"end":{"line":66,"column":7}},"18":{"start":{"line":49,"column":38},"end":{"line":54,"column":9}},"19":{"start":{"line":68,"column":23},"end":{"line":68,"column":67}},"20":{"start":{"line":71,"column":6},"end":{"line":71,"column":28}},"21":{"start":{"line":74,"column":6},"end":{"line":74,"column":79}},"22":{"start":{"line":76,"column":6},"end":{"line":76,"column":51}},"23":{"start":{"line":77,"column":6},"end":{"line":77,"column":71}},"24":{"start":{"line":79,"column":6},"end":{"line":79,"column":29}},"25":{"start":{"line":83,"column":28},"end":{"line":88,"column":3}},"26":{"start":{"line":84,"column":4},"end":{"line":87,"column":8}},"27":{"start":{"line":84,"column":25},"end":{"line":87,"column":5}},"28":{"start":{"line":90,"column":2},"end":{"line":96,"column":3}},"29":{"start":{"line":91,"column":4},"end":{"line":95,"column":6}},"30":{"start":{"line":98,"column":2},"end":{"line":184,"column":4}},"31":{"start":{"line":103,"column":10},"end":{"line":106,"column":17}},"32":{"start":{"line":119,"column":34},"end":{"line":119,"column":70}},"33":{"start":{"line":126,"column":34},"end":{"line":126,"column":69}},"34":{"start":{"line":133,"column":34},"end":{"line":133,"column":66}},"35":{"start":{"line":142,"column":34},"end":{"line":142,"column":68}},"36":{"start":{"line":149,"column":34},"end":{"line":149,"column":65}},"37":{"start":{"line":156,"column":34},"end":{"line":156,"column":71}},"38":{"start":{"line":187,"column":15},"end":{"line":257,"column":2}}},"fnMap":{"0":{"name":"(anonymous_0)","decl":{"start":{"line":12,"column":17},"end":{"line":12,"column":18}},"loc":{"start":{"line":12,"column":23},"end":{"line":185,"column":1}},"line":12},"1":{"name":"(anonymous_1)","decl":{"start":{"line":31,"column":23},"end":{"line":31,"column":24}},"loc":{"start":{"line":31,"column":35},"end":{"line":81,"column":3}},"line":31},"2":{"name":"(anonymous_2)","decl":{"start":{"line":49,"column":29},"end":{"line":49,"column":30}},"loc":{"start":{"line":49,"column":38},"end":{"line":54,"column":9}},"line":49},"3":{"name":"(anonymous_3)","decl":{"start":{"line":83,"column":28},"end":{"line":83,"column":29}},"loc":{"start":{"line":83,"column":77},"end":{"line":88,"column":3}},"line":83},"4":{"name":"(anonymous_4)","decl":{"start":{"line":84,"column":16},"end":{"line":84,"column":17}},"loc":{"start":{"line":84,"column":25},"end":{"line":87,"column":5}},"line":84},"5":{"name":"(anonymous_5)","decl":{"start":{"line":102,"column":23},"end":{"line":102,"column":24}},"loc":{"start":{"line":103,"column":10},"end":{"line":106,"column":17}},"line":103},"6":{"name":"(anonymous_6)","decl":{"start":{"line":119,"column":24},"end":{"line":119,"column":25}},"loc":{"start":{"line":119,"column":34},"end":{"line":119,"column":70}},"line":119},"7":{"name":"(anonymous_7)","decl":{"start":{"line":126,"column":24},"end":{"line":126,"column":25}},"loc":{"start":{"line":126,"column":34},"end":{"line":126,"column":69}},"line":126},"8":{"name":"(anonymous_8)","decl":{"start":{"line":133,"column":24},"end":{"line":133,"column":25}},"loc":{"start":{"line":133,"column":34},"end":{"line":133,"column":66}},"line":133},"9":{"name":"(anonymous_9)","decl":{"start":{"line":142,"column":24},"end":{"line":142,"column":25}},"loc":{"start":{"line":142,"column":34},"end":{"line":142,"column":68}},"line":142},"10":{"name":"(anonymous_10)","decl":{"start":{"line":149,"column":24},"end":{"line":149,"column":25}},"loc":{"start":{"line":149,"column":34},"end":{"line":149,"column":65}},"line":149},"11":{"name":"(anonymous_11)","decl":{"start":{"line":156,"column":24},"end":{"line":156,"column":25}},"loc":{"start":{"line":156,"column":34},"end":{"line":156,"column":71}},"line":156}},"branchMap":{"0":{"loc":{"start":{"line":33,"column":4},"end":{"line":37,"column":5}},"type":"if","locations":[{"start":{"line":33,"column":4},"end":{"line":37,"column":5}},{"start":{},"end":{}}],"line":33},"1":{"loc":{"start":{"line":33,"column":8},"end":{"line":34,"column":67}},"type":"binary-expr","locations":[{"start":{"line":33,"column":8},"end":{"line":33,"column":27}},{"start":{"line":33,"column":31},"end":{"line":33,"column":49}},{"start":{"line":33,"column":53},"end":{"line":33,"column":68}},{"start":{"line":34,"column":8},"end":{"line":34,"column":25}},{"start":{"line":34,"column":29},"end":{"line":34,"column":43}},{"start":{"line":34,"column":47},"end":{"line":34,"column":67}}],"line":33},"2":{"loc":{"start":{"line":39,"column":4},"end":{"line":42,"column":5}},"type":"if","locations":[{"start":{"line":39,"column":4},"end":{"line":42,"column":5}},{"start":{},"end":{}}],"line":39},"3":{"loc":{"start":{"line":90,"column":2},"end":{"line":96,"column":3}},"type":"if","locations":[{"start":{"line":90,"column":2},"end":{"line":96,"column":3}},{"start":{},"end":{}}],"line":90},"4":{"loc":{"start":{"line":116,"column":32},"end":{"line":116,"column":72}},"type":"binary-expr","locations":[{"start":{"line":116,"column":32},"end":{"line":116,"column":51}},{"start":{"line":116,"column":55},"end":{"line":116,"column":72}}],"line":116},"5":{"loc":{"start":{"line":123,"column":32},"end":{"line":123,"column":71}},"type":"binary-expr","locations":[{"start":{"line":123,"column":32},"end":{"line":123,"column":50}},{"start":{"line":123,"column":54},"end":{"line":123,"column":71}}],"line":123},"6":{"loc":{"start":{"line":130,"column":32},"end":{"line":130,"column":68}},"type":"binary-expr","locations":[{"start":{"line":130,"column":32},"end":{"line":130,"column":47}},{"start":{"line":130,"column":51},"end":{"line":130,"column":68}}],"line":130},"7":{"loc":{"start":{"line":139,"column":32},"end":{"line":139,"column":70}},"type":"binary-expr","locations":[{"start":{"line":139,"column":32},"end":{"line":139,"column":49}},{"start":{"line":139,"column":53},"end":{"line":139,"column":70}}],"line":139},"8":{"loc":{"start":{"line":146,"column":32},"end":{"line":146,"column":67}},"type":"binary-expr","locations":[{"start":{"line":146,"column":32},"end":{"line":146,"column":46}},{"start":{"line":146,"column":50},"end":{"line":146,"column":67}}],"line":146},"9":{"loc":{"start":{"line":153,"column":32},"end":{"line":153,"column":73}},"type":"binary-expr","locations":[{"start":{"line":153,"column":32},"end":{"line":153,"column":52}},{"start":{"line":153,"column":56},"end":{"line":153,"column":73}}],"line":153},"10":{"loc":{"start":{"line":170,"column":33},"end":{"line":170,"column":70}},"type":"binary-expr","locations":[{"start":{"line":170,"column":33},"end":{"line":170,"column":45}},{"start":{"line":170,"column":49},"end":{"line":170,"column":70}}],"line":170},"11":{"loc":{"start":{"line":174,"column":11},"end":{"line":180,"column":11}},"type":"cond-expr","locations":[{"start":{"line":175,"column":12},"end":{"line":175,"column":46}},{"start":{"line":177,"column":12},"end":{"line":179,"column":19}}],"line":174}},"s":{"0":0,"1":0,"2":0,"3":0,"4":0,"5":0,"6":0,"7":0,"8":0,"9":0,"10":0,"11":0,"12":0,"13":0,"14":0,"15":0,"16":0,"17":0,"18":0,"19":0,"20":0,"21":0,"22":0,"23":0,"24":0,"25":0,"26":0,"27":0,"28":0,"29":0,"30":0,"31":0,"32":0,"33":0,"34":0,"35":0,"36":0,"37":0,"38":0},"f":{"0":0,"1":0,"2":0,"3":0,"4":0,"5":0,"6":0,"7":0,"8":0,"9":0,"10":0,"11":0},"b":{"0":[0,0],"1":[0,0,0,0,0,0],"2":[0,0],"3":[0,0],"4":[0,0],"5":[0,0],"6":[0,0],"7":[0,0],"8":[0,0],"9":[0,0],"10":[0,0],"11":[0,0]}}
,"/Users/noki/Desktop/WebstormProjects/MarketplaceApp/src/presentation/components/OrderConfirmation/index.tsx": {"path":"/Users/noki/Desktop/WebstormProjects/MarketplaceApp/src/presentation/components/OrderConfirmation/index.tsx","statementMap":{"0":{"start":{"line":12,"column":22},"end":{"line":12,"column":65}},"1":{"start":{"line":13,"column":21},"end":{"line":13,"column":75}},"2":{"start":{"line":16,"column":20},"end":{"line":16,"column":30}},"3":{"start":{"line":17,"column":28},"end":{"line":17,"column":38}},"4":{"start":{"line":18,"column":2},"end":{"line":18,"column":53}},"5":{"start":{"line":20,"column":2},"end":{"line":73,"column":4}},"6":{"start":{"line":56,"column":27},"end":{"line":56,"column":67}},"7":{"start":{"line":65,"column":14},"end":{"line":65,"column":79}},"8":{"start":{"line":76,"column":15},"end":{"line":196,"column":2}}},"fnMap":{"0":{"name":"OrderConfirmationScreen","decl":{"start":{"line":11,"column":24},"end":{"line":11,"column":47}},"loc":{"start":{"line":11,"column":50},"end":{"line":74,"column":1}},"line":11},"1":{"name":"(anonymous_1)","decl":{"start":{"line":56,"column":21},"end":{"line":56,"column":22}},"loc":{"start":{"line":56,"column":27},"end":{"line":56,"column":67}},"line":56},"2":{"name":"(anonymous_2)","decl":{"start":{"line":63,"column":21},"end":{"line":63,"column":22}},"loc":{"start":{"line":63,"column":27},"end":{"line":66,"column":13}},"line":63}},"branchMap":{},"s":{"0":0,"1":0,"2":0,"3":0,"4":0,"5":0,"6":0,"7":0,"8":0},"f":{"0":0,"1":0,"2":0},"b":{}}
,"/Users/noki/Desktop/WebstormProjects/MarketplaceApp/src/presentation/components/ProductDetails/index.tsx": {"path":"/Users/noki/Desktop/WebstormProjects/MarketplaceApp/src/presentation/components/ProductDetails/index.tsx","statementMap":{"0":{"start":{"line":23,"column":16},"end":{"line":23,"column":40}},"1":{"start":{"line":25,"column":23},"end":{"line":238,"column":1}},"2":{"start":{"line":26,"column":21},"end":{"line":26,"column":36}},"3":{"start":{"line":27,"column":19},"end":{"line":27,"column":32}},"4":{"start":{"line":28,"column":22},"end":{"line":28,"column":65}},"5":{"start":{"line":29,"column":32},"end":{"line":29,"column":62}},"6":{"start":{"line":30,"column":32},"end":{"line":30,"column":46}},"7":{"start":{"line":31,"column":52},"end":{"line":31,"column":63}},"8":{"start":{"line":32,"column":34},"end":{"line":32,"column":45}},"9":{"start":{"line":33,"column":20},"end":{"line":33,"column":71}},"10":{"start":{"line":33,"column":54},"end":{"line":33,"column":70}},"11":{"start":{"line":34,"column":24},"end":{"line":37,"column":3}},"12":{"start":{"line":35,"column":10},"end":{"line":35,"column":69}},"13":{"start":{"line":35,"column":44},"end":{"line":35,"column":65}},"14":{"start":{"line":40,"column":2},"end":{"line":57,"column":34}},"15":{"start":{"line":41,"column":4},"end":{"line":56,"column":7}},"16":{"start":{"line":43,"column":8},"end":{"line":54,"column":27}},"17":{"start":{"line":45,"column":25},"end":{"line":45,"column":58}},"18":{"start":{"line":59,"column":2},"end":{"line":76,"column":18}},"19":{"start":{"line":60,"column":24},"end":{"line":73,"column":5}},"20":{"start":{"line":61,"column":6},"end":{"line":72,"column":7}},"21":{"start":{"line":62,"column":8},"end":{"line":67,"column":9}},"22":{"start":{"line":63,"column":30},"end":{"line":63,"column":76}},"23":{"start":{"line":64,"column":10},"end":{"line":66,"column":11}},"24":{"start":{"line":65,"column":12},"end":{"line":65,"column":41}},"25":{"start":{"line":69,"column":8},"end":{"line":69,"column":56}},"26":{"start":{"line":71,"column":8},"end":{"line":71,"column":26}},"27":{"start":{"line":75,"column":4},"end":{"line":75,"column":18}},"28":{"start":{"line":78,"column":31},"end":{"line":90,"column":3}},"29":{"start":{"line":80,"column":6},"end":{"line":87,"column":9}},"30":{"start":{"line":81,"column":28},"end":{"line":81,"column":44}},"31":{"start":{"line":82,"column":8},"end":{"line":86,"column":24}},"32":{"start":{"line":92,"column":26},"end":{"line":115,"column":47}},"33":{"start":{"line":93,"column":4},"end":{"line":114,"column":5}},"34":{"start":{"line":94,"column":6},"end":{"line":113,"column":7}},"35":{"start":{"line":95,"column":8},"end":{"line":95,"column":49}},"36":{"start":{"line":96,"column":8},"end":{"line":110,"column":10}},"37":{"start":{"line":103,"column":29},"end":{"line":103,"column":69}},"38":{"start":{"line":107,"column":29},"end":{"line":107,"column":62}},"39":{"start":{"line":112,"column":8},"end":{"line":112,"column":63}},"40":{"start":{"line":117,"column":2},"end":{"line":123,"column":3}},"41":{"start":{"line":118,"column":4},"end":{"line":122,"column":6}},"42":{"start":{"line":125,"column":2},"end":{"line":137,"column":3}},"43":{"start":{"line":126,"column":4},"end":{"line":136,"column":6}},"44":{"start":{"line":132,"column":25},"end":{"line":132,"column":44}},"45":{"start":{"line":139,"column":2},"end":{"line":237,"column":4}},"46":{"start":{"line":151,"column":16},"end":{"line":157,"column":18}},"47":{"start":{"line":190,"column":29},"end":{"line":190,"column":53}},"48":{"start":{"line":196,"column":29},"end":{"line":196,"column":52}},"49":{"start":{"line":240,"column":15},"end":{"line":461,"column":2}}},"fnMap":{"0":{"name":"(anonymous_0)","decl":{"start":{"line":25,"column":23},"end":{"line":25,"column":24}},"loc":{"start":{"line":25,"column":29},"end":{"line":238,"column":1}},"line":25},"1":{"name":"(anonymous_1)","decl":{"start":{"line":33,"column":32},"end":{"line":33,"column":33}},"loc":{"start":{"line":33,"column":54},"end":{"line":33,"column":70}},"line":33},"2":{"name":"(anonymous_2)","decl":{"start":{"line":35,"column":4},"end":{"line":35,"column":5}},"loc":{"start":{"line":35,"column":10},"end":{"line":35,"column":69}},"line":35},"3":{"name":"(anonymous_3)","decl":{"start":{"line":35,"column":27},"end":{"line":35,"column":28}},"loc":{"start":{"line":35,"column":44},"end":{"line":35,"column":65}},"line":35},"4":{"name":"(anonymous_4)","decl":{"start":{"line":40,"column":12},"end":{"line":40,"column":13}},"loc":{"start":{"line":40,"column":18},"end":{"line":57,"column":3}},"line":40},"5":{"name":"(anonymous_5)","decl":{"start":{"line":42,"column":19},"end":{"line":42,"column":20}},"loc":{"start":{"line":43,"column":8},"end":{"line":54,"column":27}},"line":43},"6":{"name":"(anonymous_6)","decl":{"start":{"line":45,"column":19},"end":{"line":45,"column":20}},"loc":{"start":{"line":45,"column":25},"end":{"line":45,"column":58}},"line":45},"7":{"name":"(anonymous_7)","decl":{"start":{"line":59,"column":12},"end":{"line":59,"column":13}},"loc":{"start":{"line":59,"column":18},"end":{"line":76,"column":3}},"line":59},"8":{"name":"(anonymous_8)","decl":{"start":{"line":60,"column":24},"end":{"line":60,"column":25}},"loc":{"start":{"line":60,"column":36},"end":{"line":73,"column":5}},"line":60},"9":{"name":"(anonymous_9)","decl":{"start":{"line":79,"column":4},"end":{"line":79,"column":5}},"loc":{"start":{"line":79,"column":27},"end":{"line":88,"column":5}},"line":79},"10":{"name":"(anonymous_10)","decl":{"start":{"line":80,"column":18},"end":{"line":80,"column":19}},"loc":{"start":{"line":80,"column":26},"end":{"line":87,"column":7}},"line":80},"11":{"name":"(anonymous_11)","decl":{"start":{"line":92,"column":38},"end":{"line":92,"column":39}},"loc":{"start":{"line":92,"column":44},"end":{"line":115,"column":3}},"line":92},"12":{"name":"(anonymous_12)","decl":{"start":{"line":103,"column":23},"end":{"line":103,"column":24}},"loc":{"start":{"line":103,"column":29},"end":{"line":103,"column":69}},"line":103},"13":{"name":"(anonymous_13)","decl":{"start":{"line":107,"column":23},"end":{"line":107,"column":24}},"loc":{"start":{"line":107,"column":29},"end":{"line":107,"column":62}},"line":107},"14":{"name":"(anonymous_14)","decl":{"start":{"line":132,"column":19},"end":{"line":132,"column":20}},"loc":{"start":{"line":132,"column":25},"end":{"line":132,"column":44}},"line":132},"15":{"name":"(anonymous_15)","decl":{"start":{"line":150,"column":34},"end":{"line":150,"column":35}},"loc":{"start":{"line":151,"column":16},"end":{"line":157,"column":18}},"line":151},"16":{"name":"(anonymous_16)","decl":{"start":{"line":190,"column":23},"end":{"line":190,"column":24}},"loc":{"start":{"line":190,"column":29},"end":{"line":190,"column":53}},"line":190},"17":{"name":"(anonymous_17)","decl":{"start":{"line":196,"column":23},"end":{"line":196,"column":24}},"loc":{"start":{"line":196,"column":29},"end":{"line":196,"column":52}},"line":196}},"branchMap":{"0":{"loc":{"start":{"line":47,"column":11},"end":{"line":53,"column":11}},"type":"binary-expr","locations":[{"start":{"line":47,"column":11},"end":{"line":47,"column":28}},{"start":{"line":48,"column":12},"end":{"line":52,"column":19}}],"line":47},"1":{"loc":{"start":{"line":50,"column":17},"end":{"line":50,"column":57}},"type":"cond-expr","locations":[{"start":{"line":50,"column":37},"end":{"line":50,"column":41}},{"start":{"line":50,"column":44},"end":{"line":50,"column":57}}],"line":50},"2":{"loc":{"start":{"line":62,"column":8},"end":{"line":67,"column":9}},"type":"if","locations":[{"start":{"line":62,"column":8},"end":{"line":67,"column":9}},{"start":{},"end":{}}],"line":62},"3":{"loc":{"start":{"line":64,"column":10},"end":{"line":66,"column":11}},"type":"if","locations":[{"start":{"line":64,"column":10},"end":{"line":66,"column":11}},{"start":{},"end":{}}],"line":64},"4":{"loc":{"start":{"line":64,"column":14},"end":{"line":64,"column":67}},"type":"binary-expr","locations":[{"start":{"line":64,"column":14},"end":{"line":64,"column":33}},{"start":{"line":64,"column":37},"end":{"line":64,"column":67}}],"line":64},"5":{"loc":{"start":{"line":82,"column":15},"end":{"line":86,"column":23}},"type":"cond-expr","locations":[{"start":{"line":83,"column":12},"end":{"line":83,"column":13}},{"start":{"line":84,"column":12},"end":{"line":86,"column":23}}],"line":82},"6":{"loc":{"start":{"line":84,"column":12},"end":{"line":86,"column":23}},"type":"cond-expr","locations":[{"start":{"line":85,"column":12},"end":{"line":85,"column":16}},{"start":{"line":86,"column":12},"end":{"line":86,"column":23}}],"line":84},"7":{"loc":{"start":{"line":84,"column":27},"end":{"line":84,"column":46}},"type":"binary-expr","locations":[{"start":{"line":84,"column":27},"end":{"line":84,"column":41}},{"start":{"line":84,"column":45},"end":{"line":84,"column":46}}],"line":84},"8":{"loc":{"start":{"line":93,"column":4},"end":{"line":114,"column":5}},"type":"if","locations":[{"start":{"line":93,"column":4},"end":{"line":114,"column":5}},{"start":{},"end":{}}],"line":93},"9":{"loc":{"start":{"line":117,"column":2},"end":{"line":123,"column":3}},"type":"if","locations":[{"start":{"line":117,"column":2},"end":{"line":123,"column":3}},{"start":{},"end":{}}],"line":117},"10":{"loc":{"start":{"line":125,"column":2},"end":{"line":137,"column":3}},"type":"if","locations":[{"start":{"line":125,"column":2},"end":{"line":137,"column":3}},{"start":{},"end":{}}],"line":125},"11":{"loc":{"start":{"line":148,"column":11},"end":{"line":160,"column":11}},"type":"binary-expr","locations":[{"start":{"line":148,"column":11},"end":{"line":148,"column":36}},{"start":{"line":149,"column":12},"end":{"line":159,"column":19}}],"line":148},"12":{"loc":{"start":{"line":155,"column":20},"end":{"line":155,"column":77}},"type":"binary-expr","locations":[{"start":{"line":155,"column":20},"end":{"line":155,"column":47}},{"start":{"line":155,"column":51},"end":{"line":155,"column":77}}],"line":155},"13":{"loc":{"start":{"line":227,"column":12},"end":{"line":227,"column":65}},"type":"binary-expr","locations":[{"start":{"line":227,"column":12},"end":{"line":227,"column":31}},{"start":{"line":227,"column":35},"end":{"line":227,"column":65}}],"line":227},"14":{"loc":{"start":{"line":232,"column":13},"end":{"line":232,"column":63}},"type":"cond-expr","locations":[{"start":{"line":232,"column":33},"end":{"line":232,"column":46}},{"start":{"line":232,"column":49},"end":{"line":232,"column":63}}],"line":232}},"s":{"0":0,"1":0,"2":0,"3":0,"4":0,"5":0,"6":0,"7":0,"8":0,"9":0,"10":0,"11":0,"12":0,"13":0,"14":0,"15":0,"16":0,"17":0,"18":0,"19":0,"20":0,"21":0,"22":0,"23":0,"24":0,"25":0,"26":0,"27":0,"28":0,"29":0,"30":0,"31":0,"32":0,"33":0,"34":0,"35":0,"36":0,"37":0,"38":0,"39":0,"40":0,"41":0,"42":0,"43":0,"44":0,"45":0,"46":0,"47":0,"48":0,"49":0},"f":{"0":0,"1":0,"2":0,"3":0,"4":0,"5":0,"6":0,"7":0,"8":0,"9":0,"10":0,"11":0,"12":0,"13":0,"14":0,"15":0,"16":0,"17":0},"b":{"0":[0,0],"1":[0,0],"2":[0,0],"3":[0,0],"4":[0,0],"5":[0,0],"6":[0,0],"7":[0,0],"8":[0,0],"9":[0,0],"10":[0,0],"11":[0,0],"12":[0,0],"13":[0,0],"14":[0,0]}}
,"/Users/noki/Desktop/WebstormProjects/MarketplaceApp/src/presentation/components/ProductImage/index.tsx": {"path":"/Users/noki/Desktop/WebstormProjects/MarketplaceApp/src/presentation/components/ProductImage/index.tsx","statementMap":{"0":{"start":{"line":9,"column":21},"end":{"line":17,"column":2}},"1":{"start":{"line":10,"column":2},"end":{"line":16,"column":4}},"2":{"start":{"line":20,"column":0},"end":{"line":20,"column":42}},"3":{"start":{"line":22,"column":15},"end":{"line":27,"column":2}}},"fnMap":{"0":{"name":"(anonymous_0)","decl":{"start":{"line":9,"column":32},"end":{"line":9,"column":33}},"loc":{"start":{"line":9,"column":71},"end":{"line":17,"column":1}},"line":9}},"branchMap":{},"s":{"0":0,"1":0,"2":0,"3":0},"f":{"0":0},"b":{}}
,"/Users/noki/Desktop/WebstormProjects/MarketplaceApp/src/presentation/components/ProductList/index.tsx": {"path":"/Users/noki/Desktop/WebstormProjects/MarketplaceApp/src/presentation/components/ProductList/index.tsx","statementMap":{"0":{"start":{"line":22,"column":23},"end":{"line":22,"column":25}},"1":{"start":{"line":25,"column":20},"end":{"line":49,"column":1}},"2":{"start":{"line":32,"column":2},"end":{"line":48,"column":21}},"3":{"start":{"line":52,"column":34},"end":{"line":52,"column":57}},"4":{"start":{"line":53,"column":32},"end":{"line":53,"column":47}},"5":{"start":{"line":54,"column":38},"end":{"line":54,"column":53}},"6":{"start":{"line":55,"column":26},"end":{"line":55,"column":37}},"7":{"start":{"line":56,"column":32},"end":{"line":56,"column":46}},"8":{"start":{"line":57,"column":40},"end":{"line":57,"column":52}},"9":{"start":{"line":58,"column":50},"end":{"line":58,"column":79}},"10":{"start":{"line":59,"column":36},"end":{"line":59,"column":62}},"11":{"start":{"line":60,"column":38},"end":{"line":60,"column":60}},"12":{"start":{"line":61,"column":40},"end":{"line":61,"column":55}},"13":{"start":{"line":62,"column":21},"end":{"line":62,"column":36}},"14":{"start":{"line":63,"column":22},"end":{"line":63,"column":73}},"15":{"start":{"line":63,"column":56},"end":{"line":63,"column":72}},"16":{"start":{"line":64,"column":24},"end":{"line":64,"column":83}},"17":{"start":{"line":64,"column":58},"end":{"line":64,"column":79}},"18":{"start":{"line":66,"column":4},"end":{"line":84,"column":36}},"19":{"start":{"line":67,"column":6},"end":{"line":83,"column":9}},"20":{"start":{"line":69,"column":10},"end":{"line":81,"column":29}},"21":{"start":{"line":71,"column":27},"end":{"line":71,"column":60}},"22":{"start":{"line":86,"column":2},"end":{"line":88,"column":49}},"23":{"start":{"line":87,"column":4},"end":{"line":87,"column":23}},"24":{"start":{"line":90,"column":23},"end":{"line":92,"column":3}},"25":{"start":{"line":91,"column":4},"end":{"line":91,"column":24}},"26":{"start":{"line":94,"column":29},"end":{"line":99,"column":3}},"27":{"start":{"line":96,"column":6},"end":{"line":96,"column":76}},"28":{"start":{"line":101,"column":28},"end":{"line":106,"column":3}},"29":{"start":{"line":103,"column":6},"end":{"line":103,"column":77}},"30":{"start":{"line":103,"column":49},"end":{"line":103,"column":73}},"31":{"start":{"line":108,"column":23},"end":{"line":115,"column":15}},"32":{"start":{"line":109,"column":4},"end":{"line":109,"column":30}},"33":{"start":{"line":109,"column":18},"end":{"line":109,"column":30}},"34":{"start":{"line":110,"column":4},"end":{"line":114,"column":6}},"35":{"start":{"line":116,"column":26},"end":{"line":119,"column":8}},"36":{"start":{"line":117,"column":4},"end":{"line":117,"column":60}},"37":{"start":{"line":117,"column":26},"end":{"line":117,"column":57}},"38":{"start":{"line":118,"column":4},"end":{"line":118,"column":15}},"39":{"start":{"line":121,"column":23},"end":{"line":161,"column":3}},"40":{"start":{"line":123,"column":6},"end":{"line":123,"column":26}},"41":{"start":{"line":123,"column":19},"end":{"line":123,"column":26}},"42":{"start":{"line":125,"column":6},"end":{"line":158,"column":7}},"43":{"start":{"line":126,"column":8},"end":{"line":126,"column":25}},"44":{"start":{"line":127,"column":28},"end":{"line":127,"column":51}},"45":{"start":{"line":129,"column":38},"end":{"line":136,"column":9}},"46":{"start":{"line":138,"column":21},"end":{"line":138,"column":61}},"47":{"start":{"line":139,"column":40},"end":{"line":139,"column":49}},"48":{"start":{"line":141,"column":8},"end":{"line":145,"column":9}},"49":{"start":{"line":142,"column":10},"end":{"line":142,"column":36}},"50":{"start":{"line":144,"column":10},"end":{"line":144,"column":95}},"51":{"start":{"line":144,"column":31},"end":{"line":144,"column":92}},"52":{"start":{"line":147,"column":8},"end":{"line":147,"column":59}},"53":{"start":{"line":148,"column":8},"end":{"line":152,"column":9}},"54":{"start":{"line":149,"column":10},"end":{"line":149,"column":35}},"55":{"start":{"line":151,"column":10},"end":{"line":151,"column":21}},"56":{"start":{"line":154,"column":8},"end":{"line":154,"column":56}},"57":{"start":{"line":156,"column":8},"end":{"line":156,"column":26}},"58":{"start":{"line":157,"column":8},"end":{"line":157,"column":29}},"59":{"start":{"line":163,"column":20},"end":{"line":166,"column":20}},"60":{"start":{"line":164,"column":4},"end":{"line":164,"column":24}},"61":{"start":{"line":165,"column":4},"end":{"line":165,"column":23}},"62":{"start":{"line":168,"column":23},"end":{"line":172,"column":38}},"63":{"start":{"line":169,"column":4},"end":{"line":171,"column":5}},"64":{"start":{"line":170,"column":6},"end":{"line":170,"column":21}},"65":{"start":{"line":174,"column":23},"end":{"line":178,"column":8}},"66":{"start":{"line":175,"column":4},"end":{"line":175,"column":34}},"67":{"start":{"line":176,"column":4},"end":{"line":176,"column":15}},"68":{"start":{"line":177,"column":4},"end":{"line":177,"column":26}},"69":{"start":{"line":181,"column":2},"end":{"line":187,"column":9}},"70":{"start":{"line":182,"column":27},"end":{"line":185,"column":5}},"71":{"start":{"line":183,"column":19},"end":{"line":183,"column":55}},"72":{"start":{"line":184,"column":6},"end":{"line":184,"column":26}},"73":{"start":{"line":186,"column":4},"end":{"line":186,"column":21}},"74":{"start":{"line":189,"column":2},"end":{"line":269,"column":4}},"75":{"start":{"line":201,"column":25},"end":{"line":201,"column":45}},"76":{"start":{"line":220,"column":30},"end":{"line":220,"column":37}},"77":{"start":{"line":235,"column":30},"end":{"line":235,"column":51}},"78":{"start":{"line":245,"column":31},"end":{"line":245,"column":49}},"79":{"start":{"line":249,"column":16},"end":{"line":257,"column":35}},"80":{"start":{"line":255,"column":33},"end":{"line":255,"column":55}},"81":{"start":{"line":262,"column":29},"end":{"line":262,"column":50}},"82":{"start":{"line":272,"column":15},"end":{"line":433,"column":2}}},"fnMap":{"0":{"name":"(anonymous_0)","decl":{"start":{"line":25,"column":20},"end":{"line":25,"column":21}},"loc":{"start":{"line":32,"column":2},"end":{"line":48,"column":21}},"line":32},"1":{"name":"ProductList","decl":{"start":{"line":51,"column":24},"end":{"line":51,"column":35}},"loc":{"start":{"line":51,"column":38},"end":{"line":270,"column":1}},"line":51},"2":{"name":"(anonymous_2)","decl":{"start":{"line":63,"column":34},"end":{"line":63,"column":35}},"loc":{"start":{"line":63,"column":56},"end":{"line":63,"column":72}},"line":63},"3":{"name":"(anonymous_3)","decl":{"start":{"line":64,"column":41},"end":{"line":64,"column":42}},"loc":{"start":{"line":64,"column":58},"end":{"line":64,"column":79}},"line":64},"4":{"name":"(anonymous_4)","decl":{"start":{"line":66,"column":14},"end":{"line":66,"column":15}},"loc":{"start":{"line":66,"column":20},"end":{"line":84,"column":5}},"line":66},"5":{"name":"(anonymous_5)","decl":{"start":{"line":68,"column":21},"end":{"line":68,"column":22}},"loc":{"start":{"line":69,"column":10},"end":{"line":81,"column":29}},"line":69},"6":{"name":"(anonymous_6)","decl":{"start":{"line":71,"column":21},"end":{"line":71,"column":22}},"loc":{"start":{"line":71,"column":27},"end":{"line":71,"column":60}},"line":71},"7":{"name":"(anonymous_7)","decl":{"start":{"line":86,"column":12},"end":{"line":86,"column":13}},"loc":{"start":{"line":86,"column":18},"end":{"line":88,"column":3}},"line":86},"8":{"name":"(anonymous_8)","decl":{"start":{"line":90,"column":23},"end":{"line":90,"column":24}},"loc":{"start":{"line":90,"column":29},"end":{"line":92,"column":3}},"line":90},"9":{"name":"(anonymous_9)","decl":{"start":{"line":95,"column":4},"end":{"line":95,"column":5}},"loc":{"start":{"line":95,"column":26},"end":{"line":97,"column":5}},"line":95},"10":{"name":"(anonymous_10)","decl":{"start":{"line":102,"column":4},"end":{"line":102,"column":5}},"loc":{"start":{"line":103,"column":6},"end":{"line":103,"column":77}},"line":103},"11":{"name":"(anonymous_11)","decl":{"start":{"line":103,"column":43},"end":{"line":103,"column":44}},"loc":{"start":{"line":103,"column":49},"end":{"line":103,"column":73}},"line":103},"12":{"name":"(anonymous_12)","decl":{"start":{"line":108,"column":35},"end":{"line":108,"column":36}},"loc":{"start":{"line":108,"column":41},"end":{"line":115,"column":3}},"line":108},"13":{"name":"(anonymous_13)","decl":{"start":{"line":116,"column":38},"end":{"line":116,"column":39}},"loc":{"start":{"line":116,"column":44},"end":{"line":119,"column":3}},"line":116},"14":{"name":"(anonymous_14)","decl":{"start":{"line":117,"column":17},"end":{"line":117,"column":18}},"loc":{"start":{"line":117,"column":26},"end":{"line":117,"column":57}},"line":117},"15":{"name":"(anonymous_15)","decl":{"start":{"line":122,"column":4},"end":{"line":122,"column":5}},"loc":{"start":{"line":122,"column":36},"end":{"line":159,"column":5}},"line":122},"16":{"name":"(anonymous_16)","decl":{"start":{"line":144,"column":22},"end":{"line":144,"column":23}},"loc":{"start":{"line":144,"column":31},"end":{"line":144,"column":92}},"line":144},"17":{"name":"(anonymous_17)","decl":{"start":{"line":163,"column":32},"end":{"line":163,"column":33}},"loc":{"start":{"line":163,"column":38},"end":{"line":166,"column":3}},"line":163},"18":{"name":"(anonymous_18)","decl":{"start":{"line":168,"column":35},"end":{"line":168,"column":36}},"loc":{"start":{"line":168,"column":41},"end":{"line":172,"column":3}},"line":168},"19":{"name":"(anonymous_19)","decl":{"start":{"line":174,"column":35},"end":{"line":174,"column":36}},"loc":{"start":{"line":174,"column":64},"end":{"line":178,"column":3}},"line":174},"20":{"name":"(anonymous_20)","decl":{"start":{"line":181,"column":12},"end":{"line":181,"column":13}},"loc":{"start":{"line":181,"column":18},"end":{"line":187,"column":3}},"line":181},"21":{"name":"(anonymous_21)","decl":{"start":{"line":182,"column":27},"end":{"line":182,"column":28}},"loc":{"start":{"line":182,"column":39},"end":{"line":185,"column":5}},"line":182},"22":{"name":"(anonymous_22)","decl":{"start":{"line":201,"column":19},"end":{"line":201,"column":20}},"loc":{"start":{"line":201,"column":25},"end":{"line":201,"column":45}},"line":201},"23":{"name":"(anonymous_23)","decl":{"start":{"line":220,"column":22},"end":{"line":220,"column":23}},"loc":{"start":{"line":220,"column":30},"end":{"line":220,"column":37}},"line":220},"24":{"name":"(anonymous_24)","decl":{"start":{"line":235,"column":24},"end":{"line":235,"column":25}},"loc":{"start":{"line":235,"column":30},"end":{"line":235,"column":51}},"line":235},"25":{"name":"(anonymous_25)","decl":{"start":{"line":245,"column":25},"end":{"line":245,"column":26}},"loc":{"start":{"line":245,"column":31},"end":{"line":245,"column":49}},"line":245},"26":{"name":"(anonymous_26)","decl":{"start":{"line":248,"column":30},"end":{"line":248,"column":31}},"loc":{"start":{"line":249,"column":16},"end":{"line":257,"column":35}},"line":249},"27":{"name":"(anonymous_27)","decl":{"start":{"line":255,"column":27},"end":{"line":255,"column":28}},"loc":{"start":{"line":255,"column":33},"end":{"line":255,"column":55}},"line":255},"28":{"name":"(anonymous_28)","decl":{"start":{"line":262,"column":23},"end":{"line":262,"column":24}},"loc":{"start":{"line":262,"column":29},"end":{"line":262,"column":50}},"line":262}},"branchMap":{"0":{"loc":{"start":{"line":74,"column":13},"end":{"line":80,"column":13}},"type":"binary-expr","locations":[{"start":{"line":74,"column":13},"end":{"line":74,"column":30}},{"start":{"line":75,"column":14},"end":{"line":79,"column":21}}],"line":74},"1":{"loc":{"start":{"line":77,"column":19},"end":{"line":77,"column":59}},"type":"cond-expr","locations":[{"start":{"line":77,"column":39},"end":{"line":77,"column":43}},{"start":{"line":77,"column":46},"end":{"line":77,"column":59}}],"line":77},"2":{"loc":{"start":{"line":109,"column":4},"end":{"line":109,"column":30}},"type":"if","locations":[{"start":{"line":109,"column":4},"end":{"line":109,"column":30}},{"start":{},"end":{}}],"line":109},"3":{"loc":{"start":{"line":117,"column":26},"end":{"line":117,"column":57}},"type":"cond-expr","locations":[{"start":{"line":117,"column":43},"end":{"line":117,"column":49}},{"start":{"line":117,"column":52},"end":{"line":117,"column":57}}],"line":117},"4":{"loc":{"start":{"line":122,"column":11},"end":{"line":122,"column":31}},"type":"default-arg","locations":[{"start":{"line":122,"column":26},"end":{"line":122,"column":31}}],"line":122},"5":{"loc":{"start":{"line":123,"column":6},"end":{"line":123,"column":26}},"type":"if","locations":[{"start":{"line":123,"column":6},"end":{"line":123,"column":26}},{"start":{},"end":{}}],"line":123},"6":{"loc":{"start":{"line":127,"column":28},"end":{"line":127,"column":51}},"type":"cond-expr","locations":[{"start":{"line":127,"column":43},"end":{"line":127,"column":44}},{"start":{"line":127,"column":47},"end":{"line":127,"column":51}}],"line":127},"7":{"loc":{"start":{"line":134,"column":23},"end":{"line":134,"column":47}},"type":"binary-expr","locations":[{"start":{"line":134,"column":23},"end":{"line":134,"column":34}},{"start":{"line":134,"column":38},"end":{"line":134,"column":47}}],"line":134},"8":{"loc":{"start":{"line":135,"column":20},"end":{"line":135,"column":49}},"type":"binary-expr","locations":[{"start":{"line":135,"column":20},"end":{"line":135,"column":36}},{"start":{"line":135,"column":40},"end":{"line":135,"column":49}}],"line":135},"9":{"loc":{"start":{"line":141,"column":8},"end":{"line":145,"column":9}},"type":"if","locations":[{"start":{"line":141,"column":8},"end":{"line":145,"column":9}},{"start":{"line":143,"column":15},"end":{"line":145,"column":9}}],"line":141},"10":{"loc":{"start":{"line":144,"column":31},"end":{"line":144,"column":92}},"type":"cond-expr","locations":[{"start":{"line":144,"column":51},"end":{"line":144,"column":63}},{"start":{"line":144,"column":66},"end":{"line":144,"column":92}}],"line":144},"11":{"loc":{"start":{"line":148,"column":8},"end":{"line":152,"column":9}},"type":"if","locations":[{"start":{"line":148,"column":8},"end":{"line":152,"column":9}},{"start":{"line":150,"column":15},"end":{"line":152,"column":9}}],"line":148},"12":{"loc":{"start":{"line":169,"column":4},"end":{"line":171,"column":5}},"type":"if","locations":[{"start":{"line":169,"column":4},"end":{"line":171,"column":5}},{"start":{},"end":{}}],"line":169},"13":{"loc":{"start":{"line":169,"column":8},"end":{"line":169,"column":27}},"type":"binary-expr","locations":[{"start":{"line":169,"column":8},"end":{"line":169,"column":16}},{"start":{"line":169,"column":20},"end":{"line":169,"column":27}}],"line":169},"14":{"loc":{"start":{"line":211,"column":13},"end":{"line":211,"column":44}},"type":"cond-expr","locations":[{"start":{"line":211,"column":35},"end":{"line":211,"column":38}},{"start":{"line":211,"column":41},"end":{"line":211,"column":44}}],"line":211},"15":{"loc":{"start":{"line":243,"column":18},"end":{"line":243,"column":62}},"type":"binary-expr","locations":[{"start":{"line":243,"column":18},"end":{"line":243,"column":35}},{"start":{"line":243,"column":39},"end":{"line":243,"column":62}}],"line":243},"16":{"loc":{"start":{"line":253,"column":20},"end":{"line":253,"column":76}},"type":"binary-expr","locations":[{"start":{"line":253,"column":20},"end":{"line":253,"column":49}},{"start":{"line":253,"column":53},"end":{"line":253,"column":76}}],"line":253}},"s":{"0":0,"1":0,"2":0,"3":0,"4":0,"5":0,"6":0,"7":0,"8":0,"9":0,"10":0,"11":0,"12":0,"13":0,"14":0,"15":0,"16":0,"17":0,"18":0,"19":0,"20":0,"21":0,"22":0,"23":0,"24":0,"25":0,"26":0,"27":0,"28":0,"29":0,"30":0,"31":0,"32":0,"33":0,"34":0,"35":0,"36":0,"37":0,"38":0,"39":0,"40":0,"41":0,"42":0,"43":0,"44":0,"45":0,"46":0,"47":0,"48":0,"49":0,"50":0,"51":0,"52":0,"53":0,"54":0,"55":0,"56":0,"57":0,"58":0,"59":0,"60":0,"61":0,"62":0,"63":0,"64":0,"65":0,"66":0,"67":0,"68":0,"69":0,"70":0,"71":0,"72":0,"73":0,"74":0,"75":0,"76":0,"77":0,"78":0,"79":0,"80":0,"81":0,"82":0},"f":{"0":0,"1":0,"2":0,"3":0,"4":0,"5":0,"6":0,"7":0,"8":0,"9":0,"10":0,"11":0,"12":0,"13":0,"14":0,"15":0,"16":0,"17":0,"18":0,"19":0,"20":0,"21":0,"22":0,"23":0,"24":0,"25":0,"26":0,"27":0,"28":0},"b":{"0":[0,0],"1":[0,0],"2":[0,0],"3":[0,0],"4":[0],"5":[0,0],"6":[0,0],"7":[0,0],"8":[0,0],"9":[0,0],"10":[0,0],"11":[0,0],"12":[0,0],"13":[0,0],"14":[0,0],"15":[0,0],"16":[0,0]}}
,"/Users/noki/Desktop/WebstormProjects/MarketplaceApp/src/presentation/navigation/types.ts": {"path":"/Users/noki/Desktop/WebstormProjects/MarketplaceApp/src/presentation/navigation/types.ts","statementMap":{},"fnMap":{},"branchMap":{},"s":{},"f":{},"b":{}}
,"/Users/noki/Desktop/WebstormProjects/MarketplaceApp/src/presentation/store/configureStore.ts": {"path":"/Users/noki/Desktop/WebstormProjects/MarketplaceApp/src/presentation/store/configureStore.ts","statementMap":{"0":{"start":{"line":8,"column":23},"end":{"line":8,"column":45}},"1":{"start":{"line":10,"column":21},"end":{"line":20,"column":2}},"2":{"start":{"line":16,"column":4},"end":{"line":19,"column":29}},"3":{"start":{"line":23,"column":0},"end":{"line":23,"column":29}}},"fnMap":{"0":{"name":"(anonymous_0)","decl":{"start":{"line":15,"column":14},"end":{"line":15,"column":15}},"loc":{"start":{"line":16,"column":4},"end":{"line":19,"column":29}},"line":16}},"branchMap":{},"s":{"0":0,"1":0,"2":0,"3":0},"f":{"0":0},"b":{}}
,"/Users/noki/Desktop/WebstormProjects/MarketplaceApp/src/presentation/store/hooks.ts": {"path":"/Users/noki/Desktop/WebstormProjects/MarketplaceApp/src/presentation/store/hooks.ts","statementMap":{"0":{"start":{"line":4,"column":30},"end":{"line":4,"column":62}},"1":{"start":{"line":4,"column":36},"end":{"line":4,"column":62}},"2":{"start":{"line":5,"column":63},"end":{"line":5,"column":74}}},"fnMap":{"0":{"name":"(anonymous_0)","decl":{"start":{"line":4,"column":30},"end":{"line":4,"column":31}},"loc":{"start":{"line":4,"column":36},"end":{"line":4,"column":62}},"line":4}},"branchMap":{},"s":{"0":0,"1":0,"2":0},"f":{"0":0},"b":{}}
,"/Users/noki/Desktop/WebstormProjects/MarketplaceApp/src/presentation/store/sagas/productSaga.ts": {"path":"/Users/noki/Desktop/WebstormProjects/MarketplaceApp/src/presentation/store/sagas/productSaga.ts","statementMap":{"0":{"start":{"line":12,"column":2},"end":{"line":32,"column":3}},"1":{"start":{"line":13,"column":18},"end":{"line":13,"column":32}},"2":{"start":{"line":14,"column":23},"end":{"line":14,"column":37}},"3":{"start":{"line":16,"column":21},"end":{"line":26,"column":5}},"4":{"start":{"line":28,"column":4},"end":{"line":28,"column":46}},"5":{"start":{"line":30,"column":25},"end":{"line":30,"column":93}},"6":{"start":{"line":31,"column":4},"end":{"line":31,"column":50}},"7":{"start":{"line":36,"column":2},"end":{"line":42,"column":3}},"8":{"start":{"line":37,"column":23},"end":{"line":37,"column":79}},"9":{"start":{"line":38,"column":4},"end":{"line":38,"column":41}},"10":{"start":{"line":40,"column":25},"end":{"line":40,"column":94}},"11":{"start":{"line":41,"column":4},"end":{"line":41,"column":63}},"12":{"start":{"line":46,"column":2},"end":{"line":46,"column":69}},"13":{"start":{"line":47,"column":2},"end":{"line":47,"column":68}}},"fnMap":{"0":{"name":"fetchProductsSaga","decl":{"start":{"line":11,"column":10},"end":{"line":11,"column":27}},"loc":{"start":{"line":11,"column":57},"end":{"line":33,"column":1}},"line":11},"1":{"name":"fetchCategoriesSaga","decl":{"start":{"line":35,"column":10},"end":{"line":35,"column":29}},"loc":{"start":{"line":35,"column":59},"end":{"line":43,"column":1}},"line":35},"2":{"name":"productSaga","decl":{"start":{"line":45,"column":17},"end":{"line":45,"column":28}},"loc":{"start":{"line":45,"column":31},"end":{"line":48,"column":1}},"line":45}},"branchMap":{"0":{"loc":{"start":{"line":30,"column":25},"end":{"line":30,"column":93}},"type":"cond-expr","locations":[{"start":{"line":30,"column":50},"end":{"line":30,"column":63}},{"start":{"line":30,"column":66},"end":{"line":30,"column":93}}],"line":30},"1":{"loc":{"start":{"line":40,"column":25},"end":{"line":40,"column":94}},"type":"cond-expr","locations":[{"start":{"line":40,"column":50},"end":{"line":40,"column":63}},{"start":{"line":40,"column":66},"end":{"line":40,"column":94}}],"line":40}},"s":{"0":0,"1":0,"2":0,"3":0,"4":0,"5":0,"6":0,"7":0,"8":0,"9":0,"10":0,"11":0,"12":0,"13":0},"f":{"0":0,"1":0,"2":0},"b":{"0":[0,0],"1":[0,0]}}
,"/Users/noki/Desktop/WebstormProjects/MarketplaceApp/src/presentation/store/sagas/rootSaga.ts": {"path":"/Users/noki/Desktop/WebstormProjects/MarketplaceApp/src/presentation/store/sagas/rootSaga.ts","statementMap":{"0":{"start":{"line":5,"column":2},"end":{"line":8,"column":5}}},"fnMap":{"0":{"name":"rootSaga","decl":{"start":{"line":4,"column":17},"end":{"line":4,"column":25}},"loc":{"start":{"line":4,"column":28},"end":{"line":9,"column":1}},"line":4}},"branchMap":{},"s":{"0":0},"f":{"0":0},"b":{}}
,"/Users/noki/Desktop/WebstormProjects/MarketplaceApp/src/presentation/store/slices/cartSlice.ts": {"path":"/Users/noki/Desktop/WebstormProjects/MarketplaceApp/src/presentation/store/slices/cartSlice.ts","statementMap":{"0":{"start":{"line":8,"column":32},"end":{"line":10,"column":1}},"1":{"start":{"line":12,"column":18},"end":{"line":54,"column":2}},"2":{"start":{"line":17,"column":36},"end":{"line":17,"column":50}},"3":{"start":{"line":18,"column":27},"end":{"line":18,"column":75}},"4":{"start":{"line":18,"column":52},"end":{"line":18,"column":74}},"5":{"start":{"line":20,"column":6},"end":{"line":22,"column":7}},"6":{"start":{"line":21,"column":8},"end":{"line":21,"column":51}},"7":{"start":{"line":24,"column":32},"end":{"line":24,"column":65}},"8":{"start":{"line":26,"column":6},"end":{"line":36,"column":7}},"9":{"start":{"line":27,"column":8},"end":{"line":29,"column":9}},"10":{"start":{"line":28,"column":10},"end":{"line":28,"column":56}},"11":{"start":{"line":30,"column":8},"end":{"line":30,"column":51}},"12":{"start":{"line":32,"column":8},"end":{"line":35,"column":11}},"13":{"start":{"line":39,"column":6},"end":{"line":39,"column":75}},"14":{"start":{"line":39,"column":47},"end":{"line":39,"column":73}},"15":{"start":{"line":45,"column":19},"end":{"line":45,"column":74}},"16":{"start":{"line":45,"column":44},"end":{"line":45,"column":73}},"17":{"start":{"line":46,"column":6},"end":{"line":48,"column":7}},"18":{"start":{"line":47,"column":8},"end":{"line":47,"column":48}},"19":{"start":{"line":51,"column":6},"end":{"line":51,"column":23}},"20":{"start":{"line":57,"column":31},"end":{"line":57,"column":77}},"21":{"start":{"line":57,"column":61},"end":{"line":57,"column":77}},"22":{"start":{"line":59,"column":32},"end":{"line":60,"column":68}},"23":{"start":{"line":60,"column":2},"end":{"line":60,"column":68}},"24":{"start":{"line":60,"column":43},"end":{"line":60,"column":64}},"25":{"start":{"line":62,"column":32},"end":{"line":66,"column":3}},"26":{"start":{"line":63,"column":2},"end":{"line":66,"column":3}},"27":{"start":{"line":64,"column":21},"end":{"line":64,"column":55}},"28":{"start":{"line":69,"column":2},"end":{"line":69,"column":19}}},"fnMap":{"0":{"name":"(anonymous_0)","decl":{"start":{"line":16,"column":15},"end":{"line":16,"column":16}},"loc":{"start":{"line":16,"column":89},"end":{"line":37,"column":5}},"line":16},"1":{"name":"(anonymous_1)","decl":{"start":{"line":18,"column":44},"end":{"line":18,"column":45}},"loc":{"start":{"line":18,"column":52},"end":{"line":18,"column":74}},"line":18},"2":{"name":"(anonymous_2)","decl":{"start":{"line":38,"column":20},"end":{"line":38,"column":21}},"loc":{"start":{"line":38,"column":62},"end":{"line":40,"column":5}},"line":38},"3":{"name":"(anonymous_3)","decl":{"start":{"line":39,"column":39},"end":{"line":39,"column":40}},"loc":{"start":{"line":39,"column":47},"end":{"line":39,"column":73}},"line":39},"4":{"name":"(anonymous_4)","decl":{"start":{"line":41,"column":20},"end":{"line":41,"column":21}},"loc":{"start":{"line":44,"column":9},"end":{"line":49,"column":5}},"line":44},"5":{"name":"(anonymous_5)","decl":{"start":{"line":45,"column":36},"end":{"line":45,"column":37}},"loc":{"start":{"line":45,"column":44},"end":{"line":45,"column":73}},"line":45},"6":{"name":"(anonymous_6)","decl":{"start":{"line":50,"column":15},"end":{"line":50,"column":16}},"loc":{"start":{"line":50,"column":24},"end":{"line":52,"column":5}},"line":50},"7":{"name":"(anonymous_7)","decl":{"start":{"line":57,"column":31},"end":{"line":57,"column":32}},"loc":{"start":{"line":57,"column":61},"end":{"line":57,"column":77}},"line":57},"8":{"name":"(anonymous_8)","decl":{"start":{"line":59,"column":32},"end":{"line":59,"column":33}},"loc":{"start":{"line":60,"column":2},"end":{"line":60,"column":68}},"line":60},"9":{"name":"(anonymous_9)","decl":{"start":{"line":60,"column":26},"end":{"line":60,"column":27}},"loc":{"start":{"line":60,"column":43},"end":{"line":60,"column":64}},"line":60},"10":{"name":"(anonymous_10)","decl":{"start":{"line":62,"column":32},"end":{"line":62,"column":33}},"loc":{"start":{"line":63,"column":2},"end":{"line":66,"column":3}},"line":63},"11":{"name":"(anonymous_11)","decl":{"start":{"line":64,"column":4},"end":{"line":64,"column":5}},"loc":{"start":{"line":64,"column":21},"end":{"line":64,"column":55}},"line":64}},"branchMap":{"0":{"loc":{"start":{"line":20,"column":6},"end":{"line":22,"column":7}},"type":"if","locations":[{"start":{"line":20,"column":6},"end":{"line":22,"column":7}},{"start":{},"end":{}}],"line":20},"1":{"loc":{"start":{"line":26,"column":6},"end":{"line":36,"column":7}},"type":"if","locations":[{"start":{"line":26,"column":6},"end":{"line":36,"column":7}},{"start":{"line":31,"column":13},"end":{"line":36,"column":7}}],"line":26},"2":{"loc":{"start":{"line":27,"column":8},"end":{"line":29,"column":9}},"type":"if","locations":[{"start":{"line":27,"column":8},"end":{"line":29,"column":9}},{"start":{},"end":{}}],"line":27},"3":{"loc":{"start":{"line":46,"column":6},"end":{"line":48,"column":7}},"type":"if","locations":[{"start":{"line":46,"column":6},"end":{"line":48,"column":7}},{"start":{},"end":{}}],"line":46}},"s":{"0":0,"1":0,"2":0,"3":0,"4":0,"5":0,"6":0,"7":0,"8":0,"9":0,"10":0,"11":0,"12":0,"13":0,"14":0,"15":0,"16":0,"17":0,"18":0,"19":0,"20":0,"21":0,"22":0,"23":0,"24":0,"25":0,"26":0,"27":0,"28":0},"f":{"0":0,"1":0,"2":0,"3":0,"4":0,"5":0,"6":0,"7":0,"8":0,"9":0,"10":0,"11":0},"b":{"0":[0,0],"1":[0,0],"2":[0,0],"3":[0,0]}}
,"/Users/noki/Desktop/WebstormProjects/MarketplaceApp/src/presentation/store/slices/productSlice.ts": {"path":"/Users/noki/Desktop/WebstormProjects/MarketplaceApp/src/presentation/store/slices/productSlice.ts","statementMap":{"0":{"start":{"line":15,"column":35},"end":{"line":34,"column":1}},"1":{"start":{"line":36,"column":21},"end":{"line":76,"column":2}},"2":{"start":{"line":41,"column":6},"end":{"line":41,"column":27}},"3":{"start":{"line":42,"column":6},"end":{"line":42,"column":25}},"4":{"start":{"line":45,"column":6},"end":{"line":45,"column":28}},"5":{"start":{"line":46,"column":6},"end":{"line":46,"column":43}},"6":{"start":{"line":47,"column":38},"end":{"line":47,"column":52}},"7":{"start":{"line":48,"column":6},"end":{"line":48,"column":36}},"8":{"start":{"line":51,"column":6},"end":{"line":51,"column":28}},"9":{"start":{"line":52,"column":6},"end":{"line":52,"column":35}},"10":{"start":{"line":55,"column":6},"end":{"line":55,"column":48}},"11":{"start":{"line":56,"column":6},"end":{"line":56,"column":28}},"12":{"start":{"line":59,"column":6},"end":{"line":59,"column":45}},"13":{"start":{"line":60,"column":6},"end":{"line":60,"column":28}},"14":{"start":{"line":63,"column":6},"end":{"line":63,"column":50}},"15":{"start":{"line":64,"column":6},"end":{"line":64,"column":56}},"16":{"start":{"line":67,"column":6},"end":{"line":67,"column":41}},"17":{"start":{"line":70,"column":6},"end":{"line":70,"column":40}},"18":{"start":{"line":73,"column":6},"end":{"line":73,"column":41}},"19":{"start":{"line":88,"column":4},"end":{"line":88,"column":24}}},"fnMap":{"0":{"name":"(anonymous_0)","decl":{"start":{"line":40,"column":4},"end":{"line":40,"column":5}},"loc":{"start":{"line":40,"column":30},"end":{"line":43,"column":5}},"line":40},"1":{"name":"(anonymous_1)","decl":{"start":{"line":44,"column":4},"end":{"line":44,"column":5}},"loc":{"start":{"line":44,"column":83},"end":{"line":49,"column":5}},"line":44},"2":{"name":"(anonymous_2)","decl":{"start":{"line":50,"column":4},"end":{"line":50,"column":5}},"loc":{"start":{"line":50,"column":63},"end":{"line":53,"column":5}},"line":50},"3":{"name":"(anonymous_3)","decl":{"start":{"line":54,"column":4},"end":{"line":54,"column":5}},"loc":{"start":{"line":54,"column":57},"end":{"line":57,"column":5}},"line":54},"4":{"name":"(anonymous_4)","decl":{"start":{"line":58,"column":4},"end":{"line":58,"column":5}},"loc":{"start":{"line":58,"column":61},"end":{"line":61,"column":5}},"line":58},"5":{"name":"(anonymous_5)","decl":{"start":{"line":62,"column":4},"end":{"line":62,"column":5}},"loc":{"start":{"line":62,"column":105},"end":{"line":65,"column":5}},"line":62},"6":{"name":"(anonymous_6)","decl":{"start":{"line":66,"column":4},"end":{"line":66,"column":5}},"loc":{"start":{"line":66,"column":50},"end":{"line":68,"column":5}},"line":66},"7":{"name":"(anonymous_7)","decl":{"start":{"line":69,"column":4},"end":{"line":69,"column":5}},"loc":{"start":{"line":69,"column":58},"end":{"line":71,"column":5}},"line":69},"8":{"name":"(anonymous_8)","decl":{"start":{"line":72,"column":4},"end":{"line":72,"column":5}},"loc":{"start":{"line":72,"column":24},"end":{"line":74,"column":5}},"line":72}},"branchMap":{},"s":{"0":0,"1":0,"2":0,"3":0,"4":0,"5":0,"6":0,"7":0,"8":0,"9":0,"10":0,"11":0,"12":0,"13":0,"14":0,"15":0,"16":0,"17":0,"18":0,"19":0},"f":{"0":0,"1":0,"2":0,"3":0,"4":0,"5":0,"6":0,"7":0,"8":0},"b":{}}
,"/Users/noki/Desktop/WebstormProjects/MarketplaceApp/src/utils/const.ts": {"path":"/Users/noki/Desktop/WebstormProjects/MarketplaceApp/src/utils/const.ts","statementMap":{"0":{"start":{"line":1,"column":23},"end":{"line":8,"column":10}}},"fnMap":{},"branchMap":{},"s":{"0":0},"f":{},"b":{}}
}
